   0.0000000000000000        1.0000000000000000        0.0000000000000000     
  0.10000000000000001        1.0020000000000000        2.7598207481240745E-002
  0.20000000000000001        1.0040000000000000        5.5861361592610327E-002
  0.30000000000000004        1.0060000000000000        8.4808515191208897E-002
  0.40000000000000002        1.0080000000000000       0.11445106887225896     
  0.50000000000000000        1.0100000000000000       0.14480718519217031     
  0.59999999999999998        1.0120000000000000       0.17588929606739939     
  0.69999999999999996        1.0140000000000000       0.20771791746983065     
  0.79999999999999993        1.0160000000000000       0.24030166923470381     
  0.89999999999999991        1.0180000000000000       0.27366691153870915     
  0.99999999999999989        1.0200000000000000       0.30782415338393798     
   1.0999999999999999        1.0220000000000000       0.34279350765072270     
   1.2000000000000000        1.0240000000000000       0.37859150079403825     
   1.3000000000000000        1.0260000000000000       0.41524254833212176     
   1.4000000000000001        1.0280000000000000       0.45275832395037208     
   1.5000000000000002        1.0300000000000000       0.49116406418333225     
   1.6000000000000003        1.0320000000000000       0.53047810305312126     
   1.7000000000000004        1.0340000000000000       0.57072269171833601     
   1.8000000000000005        1.0360000000000000       0.61191660822572969     
   1.9000000000000006        1.0380000000000000       0.65408494829714015     
   2.0000000000000004        1.0400000000000000       0.69725207370611064     
   2.1000000000000005        1.0420000000000000       0.74143800445583397     
   2.2000000000000006        1.0440000000000000       0.78666977034683916     
   2.3000000000000007        1.0460000000000000       0.83297252178125403     
   2.4000000000000008        1.0480000000000000       0.88036988954696904     
   2.5000000000000009        1.0500000000000000       0.92889410590623145     
   2.6000000000000010        1.0520000000000000       0.97856496039480789     
   2.7000000000000011        1.0540000000000000        1.0294197026148646     
   2.8000000000000012        1.0560000000000000        1.0814818905928487     
   2.9000000000000012        1.0580000000000001        1.1347808825737105     
   3.0000000000000013        1.0600000000000001        1.1893520643624382     
   3.1000000000000014        1.0620000000000001        1.2452237257711616     
   3.2000000000000015        1.0640000000000001        1.3024322660317589     
   3.3000000000000016        1.0660000000000001        1.3610090270189343     
   3.4000000000000017        1.0680000000000001        1.4209940685206375     
   3.5000000000000018        1.0700000000000001        1.4824242486243584     
   3.6000000000000019        1.0720000000000001        1.5453345404011953     
   3.7000000000000020        1.0740000000000001        1.6097625520610022     
   3.8000000000000020        1.0760000000000001        1.6757491499595865     
   3.9000000000000021        1.0780000000000001        1.7433407490503585     
   4.0000000000000018        1.0800000000000001        1.8125765220766881     
   4.1000000000000014        1.0820000000000001        1.8835041835041380     
   4.2000000000000011        1.0840000000000001        1.9561668833310406     
   4.3000000000000007        1.0860000000000001        2.0306148758786340     
   4.4000000000000004        1.0880000000000001        2.1068963961742915     
   4.5000000000000000        1.0900000000000001        2.1850656016146557     
   4.5999999999999996        1.0920000000000001        2.2651734999273128     
   4.6999999999999993        1.0940000000000001        2.3472779760364544     
   4.7999999999999989        1.0960000000000001        2.4314339623438692     
   4.8999999999999986        1.0980000000000001        2.5177028557956622     
   4.9999999999999982        1.1000000000000001        2.6061483161740195     
   5.0999999999999979        1.1020000000000001        2.6968290157432206     
   5.1999999999999975        1.1040000000000001        2.7898162459826321     
   5.2999999999999972        1.1060000000000001        2.8851802849797923     
   5.3999999999999968        1.1080000000000001        2.9829904101016154     
   5.4999999999999964        1.1100000000000001        3.0833226441990300     
   5.5999999999999961        1.1120000000000001        3.1862494070534133     
   5.6999999999999957        1.1140000000000001        3.2918670095830662     
   5.7999999999999954        1.1160000000000001        3.4002497005129757     
   5.8999999999999950        1.1180000000000001        3.5114845096517309     
   5.9999999999999947        1.1200000000000001        3.6256642420386487     
   6.0999999999999943        1.1220000000000001        3.7428848430926922     
   6.1999999999999940        1.1240000000000001        3.8632475594622839     
   6.2999999999999936        1.1260000000000001        3.9868506039086316     
   6.3999999999999932        1.1280000000000001        4.1138068283283111     
   6.4999999999999929        1.1300000000000001        4.2442269144298965     
   6.5999999999999925        1.1320000000000001        4.3782284819574029     
   6.6999999999999922        1.1340000000000001        4.5159351318719754     
   6.7999999999999918        1.1360000000000001        4.6574743178628868     
   6.8999999999999915        1.1380000000000001        4.8029846468111828     
   6.9999999999999911        1.1400000000000001        4.9526031995064148     
   7.0999999999999908        1.1420000000000001        5.1064786921644645     
   7.1999999999999904        1.1440000000000001        5.2647624427624846     
   7.2999999999999901        1.1460000000000001        5.4276196583754741     
   7.3999999999999897        1.1480000000000001        5.5952158923815762     
   7.4999999999999893        1.1500000000000001        5.7677331284030480     
   7.5999999999999890        1.1520000000000001        5.9453559584010396     
   7.6999999999999886        1.1540000000000001        6.1282797949689192     
   7.7999999999999883        1.1560000000000001        6.3167088606379984     
   7.8999999999999879        1.1580000000000001        6.5108624576732641     
   7.9999999999999876        1.1600000000000001        6.7109680426715244     
   8.0999999999999872        1.1620000000000001        6.9172593157735687     
   8.1999999999999869        1.1640000000000001        7.1299960696460918     
   8.2999999999999865        1.1660000000000001        7.3494383321673373     
   8.3999999999999861        1.1680000000000001        7.5758762178575827     
   8.4999999999999858        1.1700000000000002        7.8096042929686993     
   8.5999999999999854        1.1720000000000002        8.0509334152348391     
   8.6999999999999851        1.1740000000000002        8.3001862200748633     
   8.7999999999999847        1.1760000000000002        8.5577157441660940     
   8.8999999999999844        1.1780000000000002        8.8238911665183846     
   8.9999999999999840        1.1800000000000002        9.0991028591421692     
   9.0999999999999837        1.1820000000000002        9.3837688922476001     
   9.1999999999999833        1.1840000000000002        9.6783250300011101     
   9.2999999999999829        1.1860000000000002        9.9832415812269719     
   9.3999999999999826        1.1880000000000002        10.299017321896907     
   9.4999999999999822        1.1900000000000002        10.626177518578757     
   9.5999999999999819        1.1920000000000002        10.965288157078611     
   9.6999999999999815        1.1940000000000002        11.316947270815101     
   9.7999999999999812        1.1960000000000002        11.681797483682960     
   9.8999999999999808        1.1980000000000002        12.060520688625326     
