   0.0000000000000000        1.0000000000000000        0.0000000000000000     
  0.10000000000000001        1.0020000000000000        1.8361625045266353E-002
  0.20000000000000001        1.0040000000000000        3.7089967553676856E-002
  0.30000000000000004        1.0060000000000000        5.6192571905622900E-002
  0.40000000000000002        1.0080000000000000        7.5675741500034546E-002
  0.50000000000000000        1.0100000000000000        9.5543563431742307E-002
  0.59999999999999998        1.0120000000000000       0.11580208983784229     
  0.69999999999999996        1.0140000000000000       0.13645997401074569     
  0.79999999999999993        1.0160000000000000       0.15751929467307230     
  0.89999999999999991        1.0180000000000000       0.17898947775910162     
  0.99999999999999989        1.0200000000000000       0.20087691597462565     
   1.0999999999999999        1.0220000000000000       0.22318669504650451     
   1.2000000000000000        1.0240000000000000       0.24592394040611965     
   1.3000000000000000        1.0260000000000000       0.26909965448875095     
   1.4000000000000001        1.0280000000000000       0.29271706657894359     
   1.5000000000000002        1.0300000000000000       0.31678667167835811     
   1.6000000000000003        1.0320000000000000       0.34131015454379876     
   1.7000000000000004        1.0340000000000000       0.36629997697518035     
   1.8000000000000005        1.0360000000000000       0.39175987458901829     
   1.9000000000000006        1.0380000000000000       0.41770194652102705     
   2.0000000000000004        1.0400000000000000       0.44412956180796875     
   2.1000000000000005        1.0420000000000000       0.47105025337191248     
   2.2000000000000006        1.0440000000000000       0.49847464319580237     
   2.3000000000000007        1.0460000000000000       0.52640884367085250     
   2.4000000000000008        1.0480000000000000       0.55486262690803634     
   2.5000000000000009        1.0500000000000000       0.58384499659938427     
   2.6000000000000010        1.0520000000000000       0.61336513177405383     
   2.7000000000000011        1.0540000000000000       0.64342815227901873     
   2.8000000000000012        1.0560000000000000       0.67404722551329310     
   2.9000000000000012        1.0580000000000001       0.70522810077619968     
   3.0000000000000013        1.0600000000000001       0.73698116786410839     
   3.1000000000000014        1.0620000000000001       0.76931751685875771     
   3.2000000000000015        1.0640000000000001       0.80224352851489034     
   3.3000000000000016        1.0660000000000001       0.83577237824072326     
   3.4000000000000017        1.0680000000000001       0.86991268473660355     
   3.5000000000000018        1.0700000000000001       0.90467731730493595     
   3.6000000000000019        1.0720000000000001       0.94007390963588411     
   3.7000000000000020        1.0740000000000001       0.97611474653499375     
   3.8000000000000020        1.0760000000000001        1.0128084059108913     
   3.9000000000000021        1.0780000000000001        1.0501663983686025     
   4.0000000000000018        1.0800000000000001        1.0882032712543870     
   4.1000000000000014        1.0820000000000001        1.1269273753546853     
   4.2000000000000011        1.0840000000000001        1.1663518481881066     
   4.3000000000000007        1.0860000000000001        1.2064886132119534     
   4.4000000000000004        1.0880000000000001        1.2473523454118154     
   4.5000000000000000        1.0900000000000001        1.2889465756722138     
   4.5999999999999996        1.0920000000000001        1.3312978224907617     
   4.6999999999999993        1.0940000000000001        1.3744105378059852     
   4.7999999999999989        1.0960000000000001        1.4182994991017710     
   4.8999999999999986        1.0980000000000001        1.4629803222477107     
   4.9999999999999982        1.1000000000000001        1.5084648281967308     
   5.0999999999999979        1.1020000000000001        1.5547671053790648     
   5.1999999999999975        1.1040000000000001        1.6019032759646794     
   5.2999999999999972        1.1060000000000001        1.6498889790252946     
   5.3999999999999968        1.1080000000000001        1.6987398038835835     
   5.4999999999999964        1.1100000000000001        1.7484698509160037     
   5.5999999999999961        1.1120000000000001        1.7990940441769772     
   5.6999999999999957        1.1140000000000001        1.8506326051427291     
   5.7999999999999954        1.1160000000000001        1.9031014686422472     
   5.8999999999999950        1.1180000000000001        1.9565176862985896     
   5.9999999999999947        1.1200000000000001        2.0108985216543473     
   6.0999999999999943        1.1220000000000001        2.0662602509132220     
   6.1999999999999940        1.1240000000000001        2.1226238178919732     
   6.2999999999999936        1.1260000000000001        2.1800045352711650     
   6.3999999999999932        1.1280000000000001        2.2384240743171602     
   6.4999999999999929        1.1300000000000001        2.2979045015278357     
   6.5999999999999925        1.1320000000000001        2.3584605761710562     
   6.6999999999999922        1.1340000000000001        2.4201158012213679     
   6.7999999999999918        1.1360000000000001        2.4828939563532315     
   6.8999999999999915        1.1380000000000001        2.5468119314156330     
   6.9999999999999911        1.1400000000000001        2.6118948669516242     
   7.0999999999999908        1.1420000000000001        2.6781652848607314     
   7.1999999999999904        1.1440000000000001        2.7456458096386593     
   7.2999999999999901        1.1460000000000001        2.8143612565102067     
   7.3999999999999897        1.1480000000000001        2.8843340580864782     
   7.4999999999999893        1.1500000000000001        2.9555932808085896     
   7.5999999999999890        1.1520000000000001        3.0281624642449336     
   7.6999999999999886        1.1540000000000001        3.1020655488391653     
   7.7999999999999883        1.1560000000000001        3.1773346796810458     
   7.8999999999999879        1.1580000000000001        3.2539939230519654     
   7.9999999999999876        1.1600000000000001        3.3320754516701387     
   8.0999999999999872        1.1620000000000001        3.4116025406145059     
   8.1999999999999869        1.1640000000000001        3.4926131915720315     
   8.2999999999999865        1.1660000000000001        3.5751310056912091     
   8.3999999999999861        1.1680000000000001        3.6591957696409270     
   8.4999999999999858        1.1700000000000002        3.7448420591423313     
   8.5999999999999854        1.1720000000000002        3.8320987353319742     
   8.6999999999999851        1.1740000000000002        3.9209941433854025     
   8.7999999999999847        1.1760000000000002        4.0115710785214720     
   8.8999999999999844        1.1780000000000002        4.1038620208861474     
   8.9999999999999840        1.1800000000000002        4.1979074134132928     
   9.0999999999999837        1.1820000000000002        4.2937388604197499     
   9.1999999999999833        1.1840000000000002        4.3914044666194627     
   9.2999999999999829        1.1860000000000002        4.4909384411661897     
   9.3999999999999826        1.1880000000000002        4.5923857503686083     
   9.4999999999999822        1.1900000000000002        4.6957860887085578     
   9.5999999999999819        1.1920000000000002        4.8011883637502191     
   9.6999999999999815        1.1940000000000002        4.9086324981552343     
   9.7999999999999812        1.1960000000000002        5.0181715568330327     
   9.8999999999999808        1.1980000000000002        5.1298463116685529     
