   0.0000000000000000        1.0000000000000000        0.0000000000000000     
  0.10000000000000001        1.0020000000000000        3.6870687807251577E-002
  0.20000000000000001        1.0040000000000000        7.4787846121306414E-002
  0.30000000000000004        1.0060000000000000       0.11377856708698582     
  0.40000000000000002        1.0080000000000000       0.15387612833326975     
  0.50000000000000000        1.0100000000000000       0.19511149199912012     
  0.59999999999999998        1.0120000000000000       0.23751506171147582     
  0.69999999999999996        1.0140000000000000       0.28112333319979976     
  0.79999999999999993        1.0160000000000000       0.32596976557561935     
  0.89999999999999991        1.0180000000000000       0.37209144046862574     
  0.99999999999999989        1.0200000000000000       0.41952914160835891     
   1.0999999999999999        1.0220000000000000       0.46831380528873157     
   1.2000000000000000        1.0240000000000000       0.51849179175518223     
   1.3000000000000000        1.0260000000000000       0.57010481243418887     
   1.4000000000000001        1.0280000000000000       0.62319586518636461     
   1.5000000000000002        1.0300000000000000       0.67780943349243528     
   1.6000000000000003        1.0320000000000000       0.73399441188864956     
   1.7000000000000004        1.0340000000000000       0.79180030478818264     
   1.8000000000000005        1.0360000000000000       0.85128018134387817     
   1.9000000000000006        1.0380000000000000       0.91248563784760051     
   2.0000000000000004        1.0400000000000000       0.97546996851460244     
   2.1000000000000005        1.0420000000000000        1.0402947468076809     
   2.2000000000000006        1.0440000000000000        1.1070169379928776     
   2.3000000000000007        1.0460000000000000        1.1757024752870417     
   2.4000000000000008        1.0480000000000000        1.2464190829307678     
   2.5000000000000009        1.0500000000000000        1.3192336693465647     
   2.6000000000000010        1.0520000000000000        1.3942172005760911     
   2.7000000000000011        1.0540000000000000        1.4714459778335971     
   2.8000000000000012        1.0560000000000000        1.5509964586993392     
   2.9000000000000012        1.0580000000000001        1.6329494570956620     
   3.0000000000000013        1.0600000000000001        1.7173940713058029     
   3.1000000000000014        1.0620000000000001        1.8044185605149889     
   3.2000000000000015        1.0640000000000001        1.8941164791647609     
   3.3000000000000016        1.0660000000000001        1.9865868168874725     
   3.4000000000000017        1.0680000000000001        2.0819341168318437     
   3.5000000000000018        1.0700000000000001        2.1802661974458428     
   3.6000000000000019        1.0720000000000001        2.2816929196333771     
   3.7000000000000020        1.0740000000000001        2.3863382123714403     
   3.8000000000000020        1.0760000000000001        2.4943255421920667     
   3.9000000000000021        1.0780000000000001        2.6057817064320168     
   4.0000000000000018        1.0800000000000001        2.7208503957803249     
   4.1000000000000014        1.0820000000000001        2.8396755879644431     
   4.2000000000000011        1.0840000000000001        2.9624102331478466     
   4.3000000000000007        1.0860000000000001        3.0892171356686751     
   4.4000000000000004        1.0880000000000001        3.2202665141054325     
   4.5000000000000000        1.0900000000000001        3.3557378127113600     
   4.5999999999999996        1.0920000000000001        3.4958173966390045     
   4.6999999999999993        1.0940000000000001        3.6407127284081451     
   4.7999999999999989        1.0960000000000001        3.7906313567211760     
   4.8999999999999986        1.0980000000000001        3.9457989466663692     
   4.9999999999999982        1.1000000000000001        4.1064537048952818     
   5.0999999999999979        1.1020000000000001        4.2728477113738048     
   5.1999999999999975        1.1040000000000001        4.4452478196951670     
   5.2999999999999972        1.1060000000000001        4.6239377757629727     
   5.3999999999999968        1.1080000000000001        4.8092238934412084     
   5.4999999999999964        1.1100000000000001        5.0014207914545281     
   5.5999999999999961        1.1120000000000001        5.2008751400967652     
   5.6999999999999957        1.1140000000000001        5.4079551133978256     
   5.7999999999999954        1.1160000000000001        5.6230463252857712     
   5.8999999999999950        1.1180000000000001        5.8465630852738215     
   5.9999999999999947        1.1200000000000001        6.0789497504027104     
   6.0999999999999943        1.1220000000000001        6.3206827826509109     
   6.1999999999999940        1.1240000000000001        6.5722680827529825     
   6.2999999999999936        1.1260000000000001        6.8342528266062015     
   6.3999999999999932        1.1280000000000001        7.1072265653019535     
   6.4999999999999929        1.1300000000000001        7.3918180123203809     
   6.5999999999999925        1.1320000000000001        7.6887055378341866     
   6.6999999999999922        1.1340000000000001        7.9986232609066610     
   6.7999999999999918        1.1360000000000001        8.3223609568242463     
   6.8999999999999915        1.1380000000000001        8.6607751009391674     
   6.9999999999999911        1.1400000000000001        9.0147931017440222     
   7.0999999999999908        1.1420000000000001        9.3854149132586766     
   7.1999999999999904        1.1440000000000001        9.7737349358900918     
   7.2999999999999901        1.1460000000000001        10.180940480736927     
   7.3999999999999897        1.1480000000000001        10.608327438582618     
   7.4999999999999893        1.1500000000000001        11.057306466614971     
   7.5999999999999890        1.1520000000000001        11.529431425479942     
   7.6999999999999886        1.1540000000000001        12.026394833150784     
   7.7999999999999883        1.1560000000000001        12.550059074626425     
   7.8999999999999879        1.1580000000000001        13.102487322528875     
   7.9999999999999876        1.1600000000000001        13.685936497365089     
   8.0999999999999872        1.1620000000000001        14.302923136679460     
   8.1999999999999869        1.1640000000000001        14.956230007594970     
   8.2999999999999865        1.1660000000000001        15.648950573922104     
   8.3999999999999861        1.1680000000000001        16.384549522942365     
   8.4999999999999858        1.1700000000000002        17.166896053415684     
   8.5999999999999854        1.1720000000000002        18.000321219066997     
   8.6999999999999851        1.1740000000000002        18.889707007276929     
   8.7999999999999847        1.1760000000000002        19.840583562706509     
   8.8999999999999844        1.1780000000000002        20.859210380688779     
   8.9999999999999840        1.1800000000000002        21.952740162451160     
   9.0999999999999837        1.1820000000000002        23.129330975420281     
   9.1999999999999833        1.1840000000000002        24.398378525678400     
   9.2999999999999829        1.1860000000000002        25.770727302527884     
   9.3999999999999826        1.1880000000000002        27.258967909189398     
   9.4999999999999822        1.1900000000000002        28.877807257161187     
   9.5999999999999819        1.1920000000000002        30.644522975843543     
   9.6999999999999815        1.1940000000000002        32.579558102759549     
   9.7999999999999812        1.1960000000000002        34.707254561996258     
   9.8999999999999808        1.1980000000000002        37.056849244444969     
