   0.0000000000000000        1.0000000000000000        0.0000000000000000     
  0.10000000000000001        1.0020000000000000        3.1307568237544485E-002
  0.20000000000000001        1.0040000000000000        6.3421381682521955E-002
  0.30000000000000004        1.0060000000000000        9.6365756265820710E-002
  0.40000000000000002        1.0080000000000000       0.13015823228653600     
  0.50000000000000000        1.0100000000000000       0.16482130796270775     
  0.59999999999999998        1.0120000000000000       0.20037510085151466     
  0.69999999999999996        1.0140000000000000       0.23684221680116083     
  0.79999999999999993        1.0160000000000000       0.27424624237378248     
  0.89999999999999991        1.0180000000000000       0.31260806747548925     
  0.99999999999999989        1.0200000000000000       0.35195221218449790     
   1.0999999999999999        1.0220000000000000       0.39230688407589492     
   1.2000000000000000        1.0240000000000000       0.43369133958127959     
   1.3000000000000000        1.0260000000000000       0.47613865565987618     
   1.4000000000000001        1.0280000000000000       0.51967182795695699     
   1.5000000000000002        1.0300000000000000       0.56432053418495021     
   1.6000000000000003        1.0320000000000000       0.61011395446543115     
   1.7000000000000004        1.0340000000000000       0.65708321890310406     
   1.8000000000000005        1.0360000000000000       0.70525790578560110     
   1.9000000000000006        1.0380000000000000       0.75467014574572533     
   2.0000000000000004        1.0400000000000000       0.80535260167716183     
   2.1000000000000005        1.0420000000000000       0.85734298328462655     
   2.2000000000000006        1.0440000000000000       0.91067533273885792     
   2.3000000000000007        1.0460000000000000       0.96538250435983408     
   2.4000000000000008        1.0480000000000000        1.0215121347632781     
   2.5000000000000009        1.0500000000000000        1.0790963506194817     
   2.6000000000000010        1.0520000000000000        1.1381804067653711     
   2.7000000000000011        1.0540000000000000        1.1988034165146757     
   2.8000000000000012        1.0560000000000000        1.2610122057572566     
   2.9000000000000012        1.0580000000000001        1.3248504678577862     
   3.0000000000000013        1.0600000000000001        1.3903638562322067     
   3.1000000000000014        1.0620000000000001        1.4576079876047896     
   3.2000000000000015        1.0640000000000001        1.5266274964584940     
   3.3000000000000016        1.0660000000000001        1.5974785220147338     
   3.4000000000000017        1.0680000000000001        1.6702184939203673     
   3.5000000000000018        1.0700000000000001        1.7448997501953250     
   3.6000000000000019        1.0720000000000001        1.8215870793314350     
   3.7000000000000020        1.0740000000000001        1.9003378772656387     
   3.8000000000000020        1.0760000000000001        1.9812174189653071     
   3.9000000000000021        1.0780000000000001        2.0642919150566561     
   4.0000000000000018        1.0800000000000001        2.1496340596385424     
   4.1000000000000014        1.0820000000000001        2.2373124011454779     
   4.2000000000000011        1.0840000000000001        2.3274060864330557     
   4.3000000000000007        1.0860000000000001        2.4199901162686648     
   4.4000000000000004        1.0880000000000001        2.5151510395855428     
   4.5000000000000000        1.0900000000000001        2.6129706836053828     
   4.5999999999999996        1.0920000000000001        2.7135368987699779     
   4.6999999999999993        1.0940000000000001        2.8169482667540007     
   4.7999999999999989        1.0960000000000001        2.9233001199227577     
   4.8999999999999986        1.0980000000000001        3.0326917240576878     
   4.9999999999999982        1.1000000000000001        3.1452323606646013     
   5.0999999999999979        1.1020000000000001        3.2610323520823443     
   5.1999999999999975        1.1040000000000001        3.3802055259994548     
   5.2999999999999972        1.1060000000000001        3.5028785763082610     
   5.3999999999999968        1.1080000000000001        3.6291767619388349     
   5.4999999999999964        1.1100000000000001        3.7592313530815051     
   5.5999999999999961        1.1120000000000001        3.8931865660602591     
   5.6999999999999957        1.1140000000000001        4.0311918014503147     
   5.7999999999999954        1.1160000000000001        4.1733988902025061     
   5.8999999999999950        1.1180000000000001        4.3199683179737134     
   5.9999999999999947        1.1200000000000001        4.4710748077914069     
   6.0999999999999943        1.1220000000000001        4.6268903644304906     
   6.1999999999999940        1.1240000000000001        4.7876097490608513     
   6.2999999999999936        1.1260000000000001        4.9534290934140621     
   6.3999999999999932        1.1280000000000001        5.1245561549065703     
   6.4999999999999929        1.1300000000000001        5.3012144915036847     
   6.5999999999999925        1.1320000000000001        5.4836349955488286     
   6.6999999999999922        1.1340000000000001        5.6720635088569233     
   6.7999999999999918        1.1360000000000001        5.8667625324002124     
   6.8999999999999915        1.1380000000000001        6.0680014319234372     
   6.9999999999999911        1.1400000000000001        6.2760699492758354     
   7.0999999999999908        1.1420000000000001        6.4912805618841158     
   7.1999999999999904        1.1440000000000001        6.7139558015231691     
   7.2999999999999901        1.1460000000000001        6.9444421644643910     
   7.3999999999999897        1.1480000000000001        7.1831048566871116     
   7.4999999999999893        1.1500000000000001        7.4303365111554589     
   7.5999999999999890        1.1520000000000001        7.6865456437835338     
   7.6999999999999886        1.1540000000000001        7.9521794517746507     
   7.7999999999999883        1.1560000000000001        8.2277038492129204     
   7.8999999999999879        1.1580000000000001        8.5136222804223873     
   7.9999999999999876        1.1600000000000001        8.8104632895612287     
   8.0999999999999872        1.1620000000000001        9.1188080102108682     
   8.1999999999999869        1.1640000000000001        9.4392564877044158     
   8.2999999999999865        1.1660000000000001        9.7724687340369503     
   8.3999999999999861        1.1680000000000001        10.119154758525220     
   8.4999999999999858        1.1700000000000002        10.480070418136341     
   8.5999999999999854        1.1720000000000002        10.856013712902284     
   8.6999999999999851        1.1740000000000002        11.247860558763705     
   8.7999999999999847        1.1760000000000002        11.656542431915028     
   8.8999999999999844        1.1780000000000002        12.083080655646199     
   8.9999999999999840        1.1800000000000002        12.528566830666289     
   9.0999999999999837        1.1820000000000002        12.994184005551126     
   9.1999999999999833        1.1840000000000002        13.481216420315787     
   9.2999999999999829        1.1860000000000002        13.991067186905260     
   9.3999999999999826        1.1880000000000002        14.525241077412604     
   9.4999999999999822        1.1900000000000002        15.085399066943699     
   9.5999999999999819        1.1920000000000002        15.673340713534094     
   9.6999999999999815        1.1940000000000002        16.291038678865647     
   9.7999999999999812        1.1960000000000002        16.940655361842339     
   9.8999999999999808        1.1980000000000002        17.624557066984842     
