   0.0000000000000000        1.0000000000000000        0.0000000000000000     
  0.10000000000000001        1.0020000000000000        3.0682070777578486E-002
  0.20000000000000001        1.0040000000000000        6.2146958468809105E-002
  0.30000000000000004        1.0060000000000000        9.4415978630357902E-002
  0.40000000000000002        1.0080000000000000       0.12750699558524467     
  0.50000000000000000        1.0100000000000000       0.16144093547349228     
  0.59999999999999998        1.0120000000000000       0.19623734959498415     
  0.69999999999999996        1.0140000000000000       0.23191629266006775     
  0.79999999999999993        1.0160000000000000       0.26850341857653925     
  0.89999999999999991        1.0180000000000000       0.30601453318063931     
  0.99999999999999989        1.0200000000000000       0.34447572293381246     
   1.0999999999999999        1.0220000000000000       0.38391086215189096     
   1.2000000000000000        1.0240000000000000       0.42434683885719604     
   1.3000000000000000        1.0260000000000000       0.46580166764763692     
   1.4000000000000001        1.0280000000000000       0.50830549074299403     
   1.5000000000000002        1.0300000000000000       0.55188633622058636     
   1.6000000000000003        1.0320000000000000       0.59657209468231587     
   1.7000000000000004        1.0340000000000000       0.64238585945920423     
   1.8000000000000005        1.0360000000000000       0.68936329040712052     
   1.9000000000000006        1.0380000000000000       0.73753113734563069     
   2.0000000000000004        1.0400000000000000       0.78692172967839724     
   2.1000000000000005        1.0420000000000000       0.83756895304381906     
   2.2000000000000006        1.0440000000000000       0.88950310458345738     
   2.3000000000000007        1.0460000000000000       0.94276408398115996     
   2.4000000000000008        1.0480000000000000       0.99738252436787578     
   2.5000000000000009        1.0500000000000000        1.0534021198983687     
   2.6000000000000010        1.0520000000000000        1.1108559065783716     
   2.7000000000000011        1.0540000000000000        1.1697875030056810     
   2.8000000000000012        1.0560000000000000        1.2302351003314034     
   2.9000000000000012        1.0580000000000001        1.2922445923651129     
   3.0000000000000013        1.0600000000000001        1.3558577910770497     
   3.1000000000000014        1.0620000000000001        1.4211203299901496     
   3.2000000000000015        1.0640000000000001        1.4880821851162049     
   3.3000000000000016        1.0660000000000001        1.5567931371045365     
   3.4000000000000017        1.0680000000000001        1.6273042016395529     
   3.5000000000000018        1.0700000000000001        1.6996710614857662     
   3.6000000000000019        1.0720000000000001        1.7739441719989208     
   3.7000000000000020        1.0740000000000001        1.8501864603052143     
   3.8000000000000020        1.0760000000000001        1.9284515495806804     
   3.9000000000000021        1.0780000000000001        2.0088087355212942     
   4.0000000000000018        1.0800000000000001        2.0913155274852242     
   4.1000000000000014        1.0820000000000001        2.1760419387757137     
   4.2000000000000011        1.0840000000000001        2.2630610642345683     
   4.3000000000000007        1.0860000000000001        2.3524430015416495     
   4.4000000000000004        1.0880000000000001        2.4442630271828056     
   4.5000000000000000        1.0900000000000001        2.5386032726831882     
   4.5999999999999996        1.0920000000000001        2.6355413427722105     
   4.6999999999999993        1.0940000000000001        2.7351666420159777     
   4.7999999999999989        1.0960000000000001        2.8375696527996164     
   4.8999999999999986        1.0980000000000001        2.9428395815391051     
   4.9999999999999982        1.1000000000000001        3.0510797469410176     
   5.0999999999999979        1.1020000000000001        3.1623894807884674     
   5.1999999999999975        1.1040000000000001        3.2768766355639336     
   5.2999999999999972        1.1060000000000001        3.3946470773245441     
   5.3999999999999968        1.1080000000000001        3.5158257743692030     
   5.4999999999999964        1.1100000000000001        3.6405306875807550     
   5.5999999999999961        1.1120000000000001        3.7688905257608987     
   5.6999999999999957        1.1140000000000001        3.9010421594904434     
   5.7999999999999954        1.1160000000000001        4.0371267011001430     
   5.8999999999999950        1.1180000000000001        4.1772869912485060     
   5.9999999999999947        1.1200000000000001        4.3216781626702874     
   6.0999999999999943        1.1220000000000001        4.4704652220519243     
   6.1999999999999940        1.1240000000000001        4.6238156687978877     
   6.2999999999999936        1.1260000000000001        4.7819116152923407     
   6.3999999999999932        1.1280000000000001        4.9449394782210696     
   6.4999999999999929        1.1300000000000001        5.1130962083049853     
   6.5999999999999925        1.1320000000000001        5.2865960068705995     
   6.6999999999999922        1.1340000000000001        5.4656547770050006     
   6.7999999999999918        1.1360000000000001        5.6505085033845974     
   6.8999999999999915        1.1380000000000001        5.8413985870472116     
   6.9999999999999911        1.1400000000000001        6.0385851963738375     
   7.0999999999999908        1.1420000000000001        6.2423421400587920     
   7.1999999999999904        1.1440000000000001        6.4529624388692159     
   7.2999999999999901        1.1460000000000001        6.6707444437507890     
   7.3999999999999897        1.1480000000000001        6.8960203658897701     
   7.4999999999999893        1.1500000000000001        7.1291311606017951     
   7.5999999999999890        1.1520000000000001        7.3704410109417982     
   7.6999999999999886        1.1540000000000001        7.6203370958118271     
   7.7999999999999883        1.1560000000000001        7.8792343204584849     
   7.8999999999999879        1.1580000000000001        8.1475679321569707     
   7.9999999999999876        1.1600000000000001        8.4258067181289746     
   8.0999999999999872        1.1620000000000001        8.7144457233380308     
   8.1999999999999869        1.1640000000000001        9.0140203880823346     
   8.2999999999999865        1.1660000000000001        9.3250873713690901     
   8.3999999999999861        1.1680000000000001        9.6482693702066538     
   8.4999999999999858        1.1700000000000002        9.9842154413775681     
   8.5999999999999854        1.1720000000000002        10.333610355645792     
   8.6999999999999851        1.1740000000000002        10.697200144641750     
   8.7999999999999847        1.1760000000000002        11.075786332350109     
   8.8999999999999844        1.1780000000000002        11.470229783346738     
   8.9999999999999840        1.1800000000000002        11.881458531026370     
   9.0999999999999837        1.1820000000000002        12.310471503827525     
   9.1999999999999833        1.1840000000000002        12.758349945760232     
   9.2999999999999829        1.1860000000000002        13.226259791249259     
   9.3999999999999826        1.1880000000000002        13.715470512047411     
   9.4999999999999822        1.1900000000000002        14.227348464883708     
   9.5999999999999819        1.1920000000000002        14.763391544043774     
   9.6999999999999815        1.1940000000000002        15.325218594491606     
   9.7999999999999812        1.1960000000000002        15.914600835924075     
   9.8999999999999808        1.1980000000000002        16.533473493379208     
