   0.0000000000000000        1.0000000000000000        0.0000000000000000     
  0.10000000000000001        1.0020000000000000        3.0073529742041374E-002
  0.20000000000000001        1.0040000000000000        6.0907051339518563E-002
  0.30000000000000004        1.0060000000000000        9.2519854012370159E-002
  0.40000000000000002        1.0080000000000000       0.12492935142714041     
  0.50000000000000000        1.0100000000000000       0.15815522558597553     
  0.59999999999999998        1.0120000000000000       0.19221676276944930     
  0.69999999999999996        1.0140000000000000       0.22713189291536579     
  0.79999999999999993        1.0160000000000000       0.26292326538566196     
  0.89999999999999991        1.0180000000000000       0.29961383572391381     
  0.99999999999999989        1.0200000000000000       0.33722060618793326     
   1.0999999999999999        1.0220000000000000       0.37576626960715942     
   1.2000000000000000        1.0240000000000000       0.41528020546630717     
   1.3000000000000000        1.0260000000000000       0.45577872466525893     
   1.4000000000000001        1.0280000000000000       0.49729091711674167     
   1.5000000000000002        1.0300000000000000       0.53983857211640840     
   1.6000000000000003        1.0320000000000000       0.58345305538450809     
   1.7000000000000004        1.0340000000000000       0.62815597443092897     
   1.8000000000000005        1.0360000000000000       0.67397590199953039     
   1.9000000000000006        1.0380000000000000       0.72094705003277726     
   2.0000000000000004        1.0400000000000000       0.76909224717263347     
   2.1000000000000005        1.0420000000000000       0.81844531048398250     
   2.2000000000000006        1.0440000000000000       0.86903716219182969     
   2.3000000000000007        1.0460000000000000       0.92090407987195499     
   2.4000000000000008        1.0480000000000000       0.97407436872499475     
   2.5000000000000009        1.0500000000000000        1.0285892271144494     
   2.6000000000000010        1.0520000000000000        1.0844804092062423     
   2.7000000000000011        1.0540000000000000        1.1417892675624817     
   2.8000000000000012        1.0560000000000000        1.2005503026031037     
   2.9000000000000012        1.0580000000000001        1.2608060041758860     
   3.0000000000000013        1.0600000000000001        1.3225995804493857     
   3.1000000000000014        1.0620000000000001        1.3859710408193826     
   3.2000000000000015        1.0640000000000001        1.4509657626450365     
   3.3000000000000016        1.0660000000000001        1.5176330351741663     
   3.4000000000000017        1.0680000000000001        1.5860199995902480     
   3.5000000000000018        1.0700000000000001        1.6561742400755262     
   3.6000000000000019        1.0720000000000001        1.7281499894613197     
   3.7000000000000020        1.0740000000000001        1.8020012973166284     
   3.8000000000000020        1.0760000000000001        1.8777811454883504     
   3.9000000000000021        1.0780000000000001        1.9555489907340320     
   4.0000000000000018        1.0800000000000001        2.0353658137907171     
   4.1000000000000014        1.0820000000000001        2.1172918056201033     
   4.2000000000000011        1.0840000000000001        2.2013925794548115     
   4.3000000000000007        1.0860000000000001        2.2877385029621840     
   4.4000000000000004        1.0880000000000001        2.3763959624517232     
   4.5000000000000000        1.0900000000000001        2.4674394744285117     
   4.5999999999999996        1.0920000000000001        2.5609498946741076     
   4.6999999999999993        1.0940000000000001        2.6569985264179539     
   4.7999999999999989        1.0960000000000001        2.7556722408092100     
   4.8999999999999986        1.0980000000000001        2.8570603059719781     
   4.9999999999999982        1.1000000000000001        2.9612462252633387     
   5.0999999999999979        1.1020000000000001        3.0683285765579895     
   5.1999999999999975        1.1040000000000001        3.1784045493543620     
   5.2999999999999972        1.1060000000000001        3.2915749147248028     
   5.3999999999999968        1.1080000000000001        3.4079486006543025     
   5.4999999999999964        1.1100000000000001        3.5276354758174011     
   5.5999999999999961        1.1120000000000001        3.6507556540360864     
   5.6999999999999957        1.1140000000000001        3.7774311908127749     
   5.7999999999999954        1.1160000000000001        3.9077908914624659     
   5.8999999999999950        1.1180000000000001        4.0419683649033225     
   5.9999999999999947        1.1200000000000001        4.1801008585987498     
   6.0999999999999943        1.1220000000000001        4.3223369436236023     
   6.1999999999999940        1.1240000000000001        4.4688340324638576     
   6.2999999999999936        1.1260000000000001        4.6197502270315969     
   6.3999999999999932        1.1280000000000001        4.7752610332936740     
   6.4999999999999929        1.1300000000000001        4.9355407802357814     
   6.5999999999999925        1.1320000000000001        5.1007798554838990     
   6.6999999999999922        1.1340000000000001        5.2711771782825956     
   6.7999999999999918        1.1360000000000001        5.4469400470033449     
   6.8999999999999915        1.1380000000000001        5.6282898047316428     
   6.9999999999999911        1.1400000000000001        5.8154556810117191     
   7.0999999999999908        1.1420000000000001        6.0086852193481617     
   7.1999999999999904        1.1440000000000001        6.2082357973152984     
   7.2999999999999901        1.1460000000000001        6.4143796547442227     
   7.3999999999999897        1.1480000000000001        6.6274032909306895     
   7.4999999999999893        1.1500000000000001        6.8476138314060204     
   7.5999999999999890        1.1520000000000001        7.0753325622086196     
   7.6999999999999886        1.1540000000000001        7.3109033144147455     
   7.7999999999999883        1.1560000000000001        7.5546884135977947     
   7.8999999999999879        1.1580000000000001        7.8070741254047089     
   7.9999999999999876        1.1600000000000001        8.0684662231201774     
   8.0999999999999872        1.1620000000000001        8.3393032202372961     
   8.1999999999999869        1.1640000000000001        8.6200463305159101     
   8.2999999999999865        1.1660000000000001        8.9111880684138445     
   8.3999999999999861        1.1680000000000001        9.2132659764404607     
   8.4999999999999858        1.1700000000000002        9.5268380794047527     
   8.5999999999999854        1.1720000000000002        9.8524978165048740     
   8.6999999999999851        1.1740000000000002        10.190890179058984     
   8.7999999999999847        1.1760000000000002        10.542698807098667     
   8.8999999999999844        1.1780000000000002        10.908662236174973     
   8.9999999999999840        1.1800000000000002        11.289573945332618     
   9.0999999999999837        1.1820000000000002        11.686278201341620     
   9.1999999999999833        1.1840000000000002        12.099692509413742     
   9.2999999999999829        1.1860000000000002        12.530805856772000     
   9.3999999999999826        1.1880000000000002        12.980677704440888     
   9.4999999999999822        1.1900000000000002        13.450457777081080     
   9.5999999999999819        1.1920000000000002        13.941399219098777     
   9.6999999999999815        1.1940000000000002        14.454835848603533     
   9.7999999999999812        1.1960000000000002        14.992242444329245     
   9.8999999999999808        1.1980000000000002        15.555206968803770     
