   0.0000000000000000        1.0000000000000000        0.0000000000000000     
  0.10000000000000001        1.0020000000000000        2.6133206299710131E-002
  0.20000000000000001        1.0040000000000000        5.2886881066644506E-002
  0.30000000000000004        1.0060000000000000        8.0276339510612429E-002
  0.40000000000000002        1.0080000000000000       0.10831350107300185     
  0.50000000000000000        1.0100000000000000       0.13701449371486674     
  0.59999999999999998        1.0120000000000000       0.16639064075010429     
  0.69999999999999996        1.0140000000000000       0.19645878783651016     
  0.79999999999999993        1.0160000000000000       0.22723283878742975     
  0.89999999999999991        1.0180000000000000       0.25873087373556325     
  0.99999999999999989        1.0200000000000000       0.29096374854017054     
   1.0999999999999999        1.0220000000000000       0.32395126231486715     
   1.2000000000000000        1.0240000000000000       0.35770654808026292     
   1.3000000000000000        1.0260000000000000       0.39225233490428246     
   1.4000000000000001        1.0280000000000000       0.42760149107242318     
   1.5000000000000002        1.0300000000000000       0.46377604742413275     
   1.6000000000000003        1.0320000000000000       0.50079016653683039     
   1.7000000000000004        1.0340000000000000       0.53866546359930179     
   1.8000000000000005        1.0360000000000000       0.57742293930840249     
   1.9000000000000006        1.0380000000000000       0.61707982836535413     
   2.0000000000000004        1.0400000000000000       0.65765763686412360     
   2.1000000000000005        1.0420000000000000       0.69918206344475797     
   2.2000000000000006        1.0440000000000000       0.74166894591647481     
   2.3000000000000007        1.0460000000000000       0.78514377835727833     
   2.4000000000000008        1.0480000000000000       0.82963296973553569     
   2.5000000000000009        1.0500000000000000       0.87515969976015362     
   2.6000000000000010        1.0520000000000000       0.92174809184984907     
   2.7000000000000011        1.0540000000000000       0.96942127233853770     
   2.8000000000000012        1.0560000000000000        1.0182104675774610     
   2.9000000000000012        1.0580000000000001        1.0681386135785675     
   3.0000000000000013        1.0600000000000001        1.1192393092527457     
   3.1000000000000014        1.0620000000000001        1.1715333573579165     
   3.2000000000000015        1.0640000000000001        1.2250586917542252     
   3.3000000000000016        1.0660000000000001        1.2798423478813863     
   3.4000000000000017        1.0680000000000001        1.3359202683091911     
   3.5000000000000018        1.0700000000000001        1.3933228819293650     
   3.6000000000000019        1.0720000000000001        1.4520840718682726     
   3.7000000000000020        1.0740000000000001        1.5122400546661359     
   3.8000000000000020        1.0760000000000001        1.5738236117302382     
   3.9000000000000021        1.0780000000000001        1.6368783866569543     
   4.0000000000000018        1.0800000000000001        1.7014392341448148     
   4.1000000000000014        1.0820000000000001        1.7675479233473348     
   4.2000000000000011        1.0840000000000001        1.8352451746119707     
   4.3000000000000007        1.0860000000000001        1.9045737100868894     
   4.4000000000000004        1.0880000000000001        1.9755805769156511     
   4.5000000000000000        1.0900000000000001        2.0483097807213375     
   4.5999999999999996        1.0920000000000001        2.1228076378853609     
   4.6999999999999993        1.0940000000000001        2.1991291922295573     
   4.7999999999999989        1.0960000000000001        2.2773200277823826     
   4.8999999999999986        1.0980000000000001        2.3574357366437217     
   4.9999999999999982        1.1000000000000001        2.4395347232649232     
   5.0999999999999979        1.1020000000000001        2.5236674175756448     
   5.1999999999999975        1.1040000000000001        2.6098968957642401     
   5.2999999999999972        1.1060000000000001        2.6982847255023459     
   5.3999999999999968        1.1080000000000001        2.7888983894686588     
   5.4999999999999964        1.1100000000000001        2.8817977817660090     
   5.5999999999999961        1.1120000000000001        2.9770580117841892     
   5.6999999999999957        1.1140000000000001        3.0747488112869723     
   5.7999999999999954        1.1160000000000001        3.1749491457779548     
   5.8999999999999950        1.1180000000000001        3.2777301478382834     
   5.9999999999999947        1.1200000000000001        3.3831760093875918     
   6.0999999999999943        1.1220000000000001        3.4913710883300433     
   6.1999999999999940        1.1240000000000001        3.6023997458478725     
   6.2999999999999936        1.1260000000000001        3.7163562499310263     
   6.3999999999999932        1.1280000000000001        3.8333356785401786     
   6.4999999999999929        1.1300000000000001        3.9534358067929665     
   6.5999999999999925        1.1320000000000001        4.0767631492377125     
   6.6999999999999922        1.1340000000000001        4.2034219682222620     
   6.7999999999999918        1.1360000000000001        4.3335287383155148     
   6.8999999999999915        1.1380000000000001        4.4671962537910384     
   6.9999999999999911        1.1400000000000001        4.6045535763925054     
   7.0999999999999908        1.1420000000000001        4.7457252867585753     
   7.1999999999999904        1.1440000000000001        4.8908474133119721     
   7.2999999999999901        1.1460000000000001        5.0400610662114724     
   7.3999999999999897        1.1480000000000001        5.1935171145254362     
   7.4999999999999893        1.1500000000000001        5.3513620096390042     
   7.5999999999999890        1.1520000000000001        5.5137661210803612     
   7.6999999999999886        1.1540000000000001        5.6808932468460744     
   7.7999999999999883        1.1560000000000001        5.8529265165577771     
   7.8999999999999879        1.1580000000000001        6.0300481105129711     
   7.9999999999999876        1.1600000000000001        6.2124591516188792     
   8.0999999999999872        1.1620000000000001        6.4003645075969615     
   8.1999999999999869        1.1640000000000001        6.5939799435622728     
   8.2999999999999865        1.1660000000000001        6.7935362746976331     
   8.3999999999999861        1.1680000000000001        6.9992777919729212     
   8.4999999999999858        1.1700000000000002        7.2114667449303305     
   8.5999999999999854        1.1720000000000002        7.4303540220202109     
   8.6999999999999851        1.1740000000000002        7.6562324116544369     
   8.7999999999999847        1.1760000000000002        7.8893917670468348     
   8.8999999999999844        1.1780000000000002        8.1301514132657271     
   8.9999999999999840        1.1800000000000002        8.3788411280568376     
   9.0999999999999837        1.1820000000000002        8.6358160909603150     
   9.1999999999999833        1.1840000000000002        8.9014487336539503     
   9.2999999999999829        1.1860000000000002        9.1761373578592611     
   9.3999999999999826        1.1880000000000002        9.4602952170171069     
   9.4999999999999822        1.1900000000000002        9.7543759112451642     
   9.5999999999999819        1.1920000000000002        10.058848874481235     
   9.6999999999999815        1.1940000000000002        10.374217599169970     
   9.7999999999999812        1.1960000000000002        10.701019552907965     
   9.8999999999999808        1.1980000000000002        11.039826072112975     
