   0.0000000000000000        1.0000000000000000        0.0000000000000000     
  0.10000000000000001        1.0020000000000000        1.8478361117669363E-002
  0.20000000000000001        1.0040000000000000        3.7337791334863750E-002
  0.30000000000000004        1.0060000000000000        5.6586726075906882E-002
  0.40000000000000002        1.0080000000000000        7.6232068135426545E-002
  0.50000000000000000        1.0100000000000000        9.6279181736947675E-002
  0.59999999999999998        1.0120000000000000       0.11673741915004243     
  0.69999999999999996        1.0140000000000000       0.13761066141109912     
  0.79999999999999993        1.0160000000000000       0.15890814517611482     
  0.89999999999999991        1.0180000000000000       0.18063825300334568     
  0.99999999999999989        1.0200000000000000       0.20280266761410684     
   1.0999999999999999        1.0220000000000000       0.22541575430485319     
   1.2000000000000000        1.0240000000000000       0.24848156999062726     
   1.3000000000000000        1.0260000000000000       0.27201106163619165     
   1.4000000000000001        1.0280000000000000       0.29600966841583876     
   1.5000000000000002        1.0300000000000000       0.32048439558430802     
   1.6000000000000003        1.0320000000000000       0.34544753077765106     
   1.7000000000000004        1.0340000000000000       0.37090439430273708     
   1.8000000000000005        1.0360000000000000       0.39686312334326812     
   1.9000000000000006        1.0380000000000000       0.42333698386067153     
   2.0000000000000004        1.0400000000000000       0.45033009943129654     
   2.1000000000000005        1.0420000000000000       0.47785660733102397     
   2.2000000000000006        1.0440000000000000       0.50592518371236206     
   2.3000000000000007        1.0460000000000000       0.53454228079270505     
   2.4000000000000008        1.0480000000000000       0.56372203535209120     
   2.5000000000000009        1.0500000000000000       0.59347240373093657     
   2.6000000000000010        1.0520000000000000       0.62380477474567675     
   2.7000000000000011        1.0540000000000000       0.65472902793517274     
   2.8000000000000012        1.0560000000000000       0.68625884724084696     
   2.9000000000000012        1.0580000000000001       0.71840198571702585     
   3.0000000000000013        1.0600000000000001       0.75117248792594671     
   3.1000000000000014        1.0620000000000001       0.78458131057703939     
   3.2000000000000015        1.0640000000000001       0.81864028861764759     
   3.3000000000000016        1.0660000000000001       0.85335987803948976     
   3.4000000000000017        1.0680000000000001       0.88875743212642710     
   3.5000000000000018        1.0700000000000001       0.92484529145546590     
   3.6000000000000019        1.0720000000000001       0.96163262126184013     
   3.7000000000000020        1.0740000000000001       0.99913516243187628     
   3.8000000000000020        1.0760000000000001        1.0373708334250831     
   3.9000000000000021        1.0780000000000001        1.0763429681406245     
   4.0000000000000018        1.0800000000000001        1.1160793589845555     
   4.1000000000000014        1.0820000000000001        1.1565862554421273     
   4.2000000000000011        1.0840000000000001        1.1978824929941578     
   4.3000000000000007        1.0860000000000001        1.2399828848384165     
   4.4000000000000004        1.0880000000000001        1.2829027470365209     
   4.5000000000000000        1.0900000000000001        1.3266591555298426     
   4.5999999999999996        1.0920000000000001        1.3712700875696486     
   4.6999999999999993        1.0940000000000001        1.4167508457665361     
   4.7999999999999989        1.0960000000000001        1.4631238614359325     
   4.8999999999999986        1.0980000000000001        1.5104017319981500     
   4.9999999999999982        1.1000000000000001        1.5586054261329763     
   5.0999999999999979        1.1020000000000001        1.6077560633124452     
   5.1999999999999975        1.1040000000000001        1.6578706521033217     
   5.2999999999999972        1.1060000000000001        1.7089710898761812     
   5.3999999999999968        1.1080000000000001        1.7610794666247171     
   5.4999999999999964        1.1100000000000001        1.8142152350282097     
   5.5999999999999961        1.1120000000000001        1.8683992108248826     
   5.6999999999999957        1.1140000000000001        1.9236602754562204     
   5.7999999999999954        1.1160000000000001        1.9800148981762851     
   5.8999999999999950        1.1180000000000001        2.0374928058399835     
   5.9999999999999947        1.1200000000000001        2.0961158364682335     
   6.0999999999999943        1.1220000000000001        2.1559073240210380     
   6.1999999999999940        1.1240000000000001        2.2168955865027402     
   6.2999999999999936        1.1260000000000001        2.2791071760382202     
   6.3999999999999932        1.1280000000000001        2.3425670567153793     
   6.4999999999999929        1.1300000000000001        2.4073083012807390     
   6.5999999999999925        1.1320000000000001        2.4733550487138327     
   6.6999999999999922        1.1340000000000001        2.5407398248044224     
   6.7999999999999918        1.1360000000000001        2.6094954765454053     
   6.8999999999999915        1.1380000000000001        2.6796508954421174     
   6.9999999999999911        1.1400000000000001        2.7512372523934285     
   7.0999999999999908        1.1420000000000001        2.8242944618224568     
   7.1999999999999904        1.1440000000000001        2.8988504089194658     
   7.2999999999999901        1.1460000000000001        2.9749466327731029     
   7.3999999999999897        1.1480000000000001        3.0526178299285691     
   7.4999999999999893        1.1500000000000001        3.1319000890978472     
   7.5999999999999890        1.1520000000000001        3.2128350972638868     
   7.6999999999999886        1.1540000000000001        3.2954644133506625     
   7.7999999999999883        1.1560000000000001        3.3798287732278935     
   7.8999999999999879        1.1580000000000001        3.4659700205378337     
   7.9999999999999876        1.1600000000000001        3.5539340589648969     
   8.0999999999999872        1.1620000000000001        3.6437672737932689     
   8.1999999999999869        1.1640000000000001        3.7355188185962094     
   8.2999999999999865        1.1660000000000001        3.8292334624835727     
   8.3999999999999861        1.1680000000000001        3.9249712437380686     
   8.4999999999999858        1.1700000000000002        4.0227831333235144     
   8.5999999999999854        1.1720000000000002        4.1227186912295108     
   8.6999999999999851        1.1740000000000002        4.2248384387923128     
   8.7999999999999847        1.1760000000000002        4.3291934541609045     
   8.8999999999999844        1.1780000000000002        4.4358477036476796     
   8.9999999999999840        1.1800000000000002        4.5448666735952106     
   9.0999999999999837        1.1820000000000002        4.6563091476408855     
   9.1999999999999833        1.1840000000000002        4.7702454507861036     
   9.2999999999999829        1.1860000000000002        4.8867441191335868     
   9.3999999999999826        1.1880000000000002        5.0058778351166309     
   9.4999999999999822        1.1900000000000002        5.1277192516262851     
   9.5999999999999819        1.1920000000000002        5.2523483416065746     
   9.6999999999999815        1.1940000000000002        5.3798404353456686     
   9.7999999999999812        1.1960000000000002        5.5102845418003596     
   9.8999999999999808        1.1980000000000002        5.6437644088667120     
