   1.0000000000000000        1.0000000000000000        0.0000000000000000        0.0000000000000000     
   1.0020000000000000        1.0020000000000000        3.5255591791428283E-003   2.1139466550594760E-002
   1.0040000000000000        1.0040000000000000        7.1640807512142841E-003   4.2956262456747364E-002
   1.0060000000000000        1.0060000000000000        1.0920500791373354E-002   6.5479984724326257E-002
   1.0080000000000000        1.0080000000000000        1.4799966281322593E-002   8.8741494967619849E-002
   1.0100000000000000        1.0100000000000000        1.8808165408638434E-002  0.11277489990414315     
   1.0120000000000000        1.0120000000000000        2.2950023191440405E-002  0.13760973024108578     
   1.0140000000000000        1.0140000000000000        2.7232161941101778E-002  0.16328569375887333     
   1.0160000000000000        1.0160000000000000        3.1660586889012181E-002  0.18983879818894331     
   1.0180000000000000        1.0180000000000000        3.6243426256543615E-002  0.21731778083935904     
   1.0200000000000000        1.0200000000000000        4.0986285058491251E-002  0.24575624971859722     
   1.0220000000000000        1.0220000000000000        4.5897435459637169E-002  0.27520380522813370     
   1.0240000000000000        1.0240000000000000        5.0984622875159757E-002  0.30570688934688978     
   1.0260000000000000        1.0260000000000000        5.6256677590039120E-002  0.33731844899888069     
   1.0280000000000000        1.0280000000000000        6.1722456329185084E-002  0.37009158964354300     
   1.0300000000000000        1.0300000000000000        6.7391729971582576E-002  0.40408489806356174     
   1.0320000000000000        1.0320000000000000        7.3274549487380464E-002  0.43935864048521961     
   1.0340000000000000        1.0340000000000000        7.9381974584236972E-002  0.47597913158605293     
   1.0360000000000000        1.0360000000000000        8.5725362893490101E-002  0.51401447241204157     
   1.0380000000000000        1.0380000000000000        9.2317285575200789E-002  0.55354004040095006     
   1.0400000000000000        1.0400000000000000        9.9170595638353939E-002  0.59463290297377569     
   1.0420000000000000        1.0420000000000000       0.10629954103021141       0.63737849168598337     
   1.0440000000000000        1.0440000000000000       0.11371903342850756       0.68186621786118462     
   1.0460000000000000        1.0460000000000000       0.12144505597172238       0.72819191736657196     
   1.0480000000000000        1.0480000000000000       0.12949475517032916       0.77645840171833092     
   1.0500000000000000        1.0500000000000000       0.13788643503922410       0.82677542289933226     
   1.0520000000000000        1.0520000000000000       0.14663979402227004       0.87926109397305885     
   1.0540000000000000        1.0540000000000000       0.15577583430406744       0.93404134531148597     
   1.0560000000000000        1.0560000000000000       0.16531733066836882       0.99125273589855589     
   1.0580000000000001        1.0580000000000001       0.17528847955634397        1.0510403490622640     
   1.0600000000000001        1.0600000000000001       0.18571564895595535        1.1135622888568082     
   1.0620000000000001        1.0620000000000001       0.19662678293377223        1.1789861095992518     
   1.0640000000000001        1.0640000000000001       0.20805220891694595        1.2474936563811838     
   1.0660000000000001        1.0660000000000001       0.22002582461172393        1.3192881819040756     
   1.0680000000000001        1.0680000000000001       0.23258201551061508        1.3945758636653915     
   1.0700000000000001        1.0700000000000001       0.24575951199296456        1.4735889313674446     
   1.0720000000000001        1.0720000000000001       0.25960072772001125        1.5565816998940560     
   1.0740000000000001        1.0740000000000001       0.27415005823880734        1.6438203676365204     
   1.0760000000000001        1.0760000000000001       0.28945698030309980        1.7356016002094889     
   1.0780000000000001        1.0780000000000001       0.30557506517856703        1.8322466141693530     
   1.0800000000000001        1.0800000000000001       0.32256257403688460        1.9341047470331580     
   1.0820000000000001        1.0820000000000001       0.34048377546317166        2.0415613571331126     
   1.0840000000000001        1.0840000000000001       0.35940637928018798        2.1550224366709205     
   1.0860000000000001        1.0860000000000001       0.37940929739341811        2.2749611462153516     
   1.0880000000000001        1.0880000000000001       0.40057449279561519        2.4018689408393885     
   1.0900000000000001        1.0900000000000001       0.42299408552545859        2.5362981778790887     
   1.0920000000000001        1.0920000000000001       0.44676940586712599        2.6788564398608239     
   1.0940000000000001        1.0940000000000001       0.47201205811553049        2.8302129129021245     
   1.0960000000000001        1.0960000000000001       0.49884528128198635        2.9911065455853381     
   1.0980000000000001        1.0980000000000001       0.52740476761568433        3.1623509568620087     
   1.1000000000000001        1.1000000000000001       0.55784302391124996        3.3448605867173726     
   1.1020000000000001        1.1020000000000001       0.59032805858506110        3.5396428238003721     
   1.1040000000000001        1.1040000000000001       0.62504759344464011        3.7478232594482361     
   1.1060000000000001        1.1060000000000001       0.66221137251504725        3.9706595315494959     
   1.1080000000000001        1.1080000000000001       0.70205432870460116        4.2095603120636005     
   1.1100000000000001        1.1100000000000001       0.74483924436427462        4.4661012598963312     
   1.1120000000000001        1.1120000000000001       0.79086570120717803        4.7420786851595516     
   1.1140000000000001        1.1140000000000001       0.84046716669910426        5.0394920789922963     
   1.1160000000000001        1.1160000000000001       0.89402465153617194        5.3606260046246117     
   1.1180000000000001        1.1180000000000001       0.95197063162529538        5.7080736138101926     
   1.1200000000000001        1.1200000000000001        1.0147965729876143        6.0847817666034949     
   1.1220000000000001        1.1220000000000001        1.0830678929121145        6.4941407393437620     
   1.1240000000000001        1.1240000000000001        1.1574317897928446        6.9400311728335984     
   1.1260000000000001        1.1260000000000001        1.2386354507429680        7.4269332462965476     
   1.1280000000000001        1.1280000000000001        1.3275441580114435        7.9600352445490694     
   1.1300000000000001        1.1300000000000001        1.4251644854245422        8.5453726452700067     
   1.1320000000000001        1.1320000000000001        1.5326730700115652        9.1900006354124724     
   1.1340000000000001        1.1340000000000001        1.6514509595267730        9.9022000610274041     
   1.1360000000000001        1.1360000000000001        1.7831312269172173        10.691762926498992     
   1.1380000000000001        1.1380000000000001        1.9296521000869984        11.570310963831780     
   1.1400000000000001        1.1400000000000001        2.0933305112747971        12.551736639176767     
   1.1420000000000001        1.1420000000000001        2.2769534500172011        13.652750910737149     
   1.1440000000000001        1.1440000000000001        2.4838980290872641        14.893603151414082     
   1.1460000000000001        1.1460000000000001        2.7182883021480437        16.299021436963272     
   1.1480000000000001        1.1480000000000001        2.9852002886712836        17.899441887835597     
   1.1500000000000001        1.1500000000000001        3.2909411479879314        19.732682613706995     
   1.1520000000000001        1.1520000000000001        3.6434242902067631        21.846192901285029     
   1.1540000000000001        1.1540000000000001        4.0526876259903855        24.300160671381057     
   1.1560000000000001        1.1560000000000001        4.5316147413348924        27.171836686605275     
   1.1580000000000001        1.1580000000000001        5.0969623303570115        30.561695100639380     
   1.1600000000000001        1.1600000000000001        5.7708457934216559        34.602341194663403     
   1.1620000000000001        1.1620000000000001        6.5829356884444366        39.471681432510138     
   1.1640000000000001        1.1640000000000001        7.5737799290785821        45.412843562379017     
   1.1660000000000001        1.1660000000000001        8.7999657494661463        52.765128070392493     
   1.1680000000000001        1.1680000000000001        10.342382264327327        62.013550991751700     
   1.1700000000000002        1.1700000000000002        12.319908578107221        73.870918642926625     
   1.1720000000000002        1.1720000000000002        14.913030795455800        89.419436648110747     
   1.1740000000000002        1.1740000000000002        18.406528928290822        110.36666322156641     
   1.1760000000000002        1.1760000000000002        23.271137642689862        139.53515195610316     
   1.1780000000000002        1.1780000000000002        30.330842973682820        181.86557306617107     
   1.1800000000000002        1.1800000000000002        41.136240014124084        246.65538872254581     
   1.1820000000000002        1.1820000000000002        58.894734294218786        353.13639691094414     
   1.1840000000000002        1.1840000000000002        91.157210821053354        546.58416185363501     
   1.1860000000000002        1.1860000000000002        159.40220860664235        955.78530545339379     
   1.1880000000000002        1.1880000000000002        346.80609700283651        2079.4703803316238     
   1.1900000000000002        1.1900000000000002        1256.7641256150230        7535.6338797539593     
   1.1920000000000002        1.1920000000000002        134426.59548072758        806030.01517792698     
   1.1940000000000002        1.1940000000000002        999999999.96119559        5996060617.7979708     
   1.1960000000000002        1.1960000000000002        999999999.96119559        5996060617.7979708     
   1.1980000000000002        1.1980000000000002        999999999.96119559        5996060617.7979708     
