   0.0000000000000000        1.0000000000000000        0.0000000000000000     
  0.10000000000000001        1.0004999999999999        7.5977205884349072E-003
  0.20000000000000001        1.0009999999999999        1.5244370865213210E-002
  0.30000000000000004        1.0014999999999998        2.2939367991584452E-002
  0.40000000000000002        1.0019999999999998        3.0682070711154936E-002
  0.50000000000000000        1.0024999999999997        3.8474012449235810E-002
  0.59999999999999998        1.0029999999999997        4.6314785495254245E-002
  0.69999999999999996        1.0034999999999996        5.4205522319025035E-002
  0.79999999999999993        1.0039999999999996        6.2146958333001136E-002
  0.89999999999999991        1.0044999999999995        7.0138482716211981E-002
  0.99999999999999989        1.0049999999999994        7.8179698709802348E-002
   1.0999999999999999        1.0054999999999994        8.6272460321239711E-002
   1.2000000000000000        1.0059999999999993        9.4415978422861369E-002
   1.3000000000000000        1.0064999999999993       0.10261089859326322     
   1.4000000000000001        1.0069999999999992       0.11085713172873228     
   1.5000000000000002        1.0074999999999992       0.11915581569455175     
   1.6000000000000003        1.0079999999999991       0.12750699530262294     
   1.7000000000000004        1.0084999999999991       0.13591152765945305     
   1.8000000000000005        1.0089999999999990       0.14436779955348461     
   1.9000000000000006        1.0094999999999990       0.15287728401003270     
   2.0000000000000004        1.0099999999999989       0.16144093511324314     
   2.1000000000000005        1.0104999999999988       0.17005792611289899     
   2.2000000000000006        1.0109999999999988       0.17873060538790839     
   2.3000000000000007        1.0114999999999987       0.18745537430797873     
   2.4000000000000008        1.0119999999999987       0.19623734915437505     
   2.5000000000000009        1.0124999999999986       0.20507552737105356     
   2.6000000000000010        1.0129999999999986       0.21396580487512140     
   2.7000000000000011        1.0134999999999985       0.22291316173242817     
   2.8000000000000012        1.0139999999999985       0.23191629213545711     
   2.9000000000000012        1.0144999999999984       0.24097710720443694     
   3.0000000000000013        1.0149999999999983       0.25009584843758276     
   3.1000000000000014        1.0154999999999983       0.25926951208427035     
   3.2000000000000015        1.0159999999999982       0.26850341796517657     
   3.3000000000000016        1.0164999999999982       0.27779187029379276     
   3.4000000000000017        1.0169999999999981       0.28714003580170172     
   3.5000000000000018        1.0174999999999981       0.29654978857015124     
   3.6000000000000019        1.0179999999999980       0.30601453247903154     
   3.7000000000000020        1.0184999999999980       0.31553994893128318     
   3.8000000000000020        1.0189999999999979       0.32512360420635417     
   3.9000000000000021        1.0194999999999979       0.33477159709493814     
   4.0000000000000018        1.0199999999999978       0.34447572213830391     
   4.1000000000000014        1.0204999999999977       0.35424194836100809     
   4.2000000000000011        1.0209999999999977       0.36407106087066182     
   4.3000000000000007        1.0214999999999976       0.37395868992212106     
   4.4000000000000004        1.0219999999999976       0.38391086125860674     
   4.5000000000000000        1.0224999999999975       0.39392670306596961     
   4.5999999999999996        1.0229999999999975       0.40400222537432590     
   4.6999999999999993        1.0234999999999974       0.41414293503992466     
   4.7999999999999989        1.0239999999999974       0.42434683786277144     
   4.8999999999999986        1.0244999999999973       0.43461182927856534     
   4.9999999999999982        1.0249999999999972       0.44494303811289398     
   5.0999999999999979        1.0254999999999972       0.45533982413390350     
   5.1999999999999975        1.0259999999999971       0.46580166654830701     
   5.2999999999999972        1.0264999999999971       0.47632896381509093     
   5.3999999999999968        1.0269999999999970       0.48692170014434666     
   5.4999999999999964        1.0274999999999970       0.49758150959092179     
   5.5999999999999961        1.0279999999999969       0.50830548953414867     
   5.6999999999999957        1.0284999999999969       0.51910011391786770     
   5.7999999999999954        1.0289999999999968       0.52996123117118132     
   5.8999999999999950        1.0294999999999968       0.54088942002467966     
   5.9999999999999947        1.0299999999999967       0.55188633489815342     
   6.0999999999999943        1.0304999999999966       0.56295370279122470     
   6.1999999999999940        1.0309999999999966       0.57409051595431293     
   6.2999999999999936        1.0314999999999965       0.58529668293916126     
   6.3999999999999932        1.0319999999999965       0.59657209324221583     
   6.4999999999999929        1.0324999999999964       0.60791771543000106     
   6.5999999999999925        1.0329999999999964       0.61933618948849234     
   6.6999999999999922        1.0334999999999963       0.63082621208273948     
   6.7999999999999918        1.0339999999999963       0.64238585789640079     
   6.8999999999999915        1.0344999999999962       0.65402100928907525     
   6.9999999999999911        1.0349999999999961       0.66572894841003916     
   7.0999999999999908        1.0354999999999961       0.67750774367643318     
   7.1999999999999904        1.0359999999999960       0.68936328871775887     
   7.2999999999999901        1.0364999999999960       0.70129263862486479     
   7.3999999999999897        1.0369999999999959       0.71329786288762775     
   7.4999999999999893        1.0374999999999959       0.72537738733763424     
   7.5999999999999890        1.0379999999999958       0.73753113552397331     
   7.6999999999999886        1.0384999999999958       0.74976251549856321     
   7.7999999999999883        1.0389999999999957       0.76207299303054221     
   7.8999999999999879        1.0394999999999956       0.77445887063447050     
   7.9999999999999876        1.0399999999999956       0.78692172771986413     
   8.0999999999999872        1.0404999999999955       0.79946364583101848     
   8.1999999999999869        1.0409999999999955       0.81208529889564685     
   8.2999999999999865        1.0414999999999954       0.82478796892249762     
   8.3999999999999861        1.0419999999999954       0.83756895094286943     
   8.4999999999999858        1.0424999999999953       0.85043072398321762     
   8.5999999999999854        1.0429999999999953       0.86337211030747563     
   8.6999999999999851        1.0434999999999952       0.87639575765846689     
   8.7999999999999847        1.0439999999999952       0.88950310233498386     
   8.8999999999999844        1.0444999999999951       0.90269331438452027     
   8.9999999999999840        1.0449999999999950       0.91596673110517979     
   9.0999999999999837        1.0454999999999950       0.92932323516067405     
   9.1999999999999833        1.0459999999999949       0.94276408157876512     
   9.2999999999999829        1.0464999999999949       0.95628903037049096     
   9.3999999999999826        1.0469999999999948       0.96989995900879800     
   9.4999999999999822        1.0474999999999948       0.98359786695396767     
   9.5999999999999819        1.0479999999999947       0.99738252180558629     
   9.6999999999999815        1.0484999999999947        1.0112549105450130     
   9.7999999999999812        1.0489999999999946        1.0252155566088006     
   9.8999999999999808        1.0494999999999945        1.0392641827888798     
   9.9999999999999805        1.0499999999999945        1.0534021171709900     
   10.099999999999980        1.0504999999999944        1.0676299367520874     
   10.199999999999980        1.0509999999999944        1.0819467711403385     
   10.299999999999979        1.0514999999999943        1.0963552171128970     
   10.399999999999979        1.0519999999999943        1.1108559036778436     
   10.499999999999979        1.0524999999999942        1.1254485215510204     
   10.599999999999978        1.0529999999999942        1.1401350287837113     
   10.699999999999978        1.0534999999999941        1.1549140877904904     
   10.799999999999978        1.0539999999999941        1.1697874999262123     
   10.899999999999977        1.0544999999999940        1.1847541364675855     
   10.999999999999977        1.0549999999999939        1.1998185200506835     
   11.099999999999977        1.0554999999999939        1.2149785204425803     
   11.199999999999976        1.0559999999999938        1.2302350970664317     
   11.299999999999976        1.0564999999999938        1.2455902748898284     
   11.399999999999975        1.0569999999999937        1.2610408438715131     
   11.499999999999975        1.0574999999999937        1.2765930657552313     
   11.599999999999975        1.0579999999999936        1.2922445889063185     
   11.699999999999974        1.0584999999999936        1.3079945466202181     
   11.799999999999974        1.0589999999999935        1.3238472246364892     
   11.899999999999974        1.0594999999999934        1.3398004076644432     
   11.999999999999973        1.0599999999999934        1.3558577874167668     
   12.099999999999973        1.0604999999999933        1.3720163018572555     
   12.199999999999973        1.0609999999999933        1.3882786238919678     
   12.299999999999972        1.0614999999999932        1.4046464483291996     
   12.399999999999972        1.0619999999999932        1.4211203261214755     
   12.499999999999972        1.0624999999999931        1.4376998265188585     
   12.599999999999971        1.0629999999999931        1.4543859798497458     
   12.699999999999971        1.0634999999999930        1.4711786714364667     
   12.799999999999971        1.0639999999999930        1.4880821810300990     
   12.899999999999970        1.0644999999999929        1.5050941200004786     
   12.999999999999970        1.0649999999999928        1.5222172580402804     
   13.099999999999969        1.0654999999999928        1.5394488306092067     
   13.199999999999969        1.0659999999999927        1.5567931327921378     
   13.299999999999969        1.0664999999999927        1.5742504693268982     
   13.399999999999968        1.0669999999999926        1.5918218743457608     
   13.499999999999968        1.0674999999999926        1.6095059447833291     
   13.599999999999968        1.0679999999999925        1.6273041970927635     
   13.699999999999967        1.0684999999999925        1.6452200714929415     
   13.799999999999967        1.0689999999999924        1.6632526330389346     
   13.899999999999967        1.0694999999999923        1.6814016019476932     
   13.999999999999966        1.0699999999999923        1.6996710566942590     
   14.099999999999966        1.0704999999999922        1.7180579706004320     
   14.199999999999966        1.0709999999999922        1.7365650700334598     
   14.299999999999965        1.0714999999999921        1.7551936372304440     
   14.399999999999965        1.0719999999999921        1.7739441669533325     
   14.499999999999964        1.0724999999999920        1.7928192603718471     
   14.599999999999964        1.0729999999999920        1.8118158363672128     
   14.699999999999964        1.0734999999999919        1.8309367896781763     
   14.799999999999963        1.0739999999999919        1.8501864549949563     
   14.899999999999963        1.0744999999999918        1.8695591481035891     
   14.999999999999963        1.0749999999999917        1.8890622805305441     
   15.099999999999962        1.0754999999999917        1.9086930064454273     
   15.199999999999962        1.0759999999999916        1.9284515439954191     
   15.299999999999962        1.0764999999999916        1.9483418545845583     
   15.399999999999961        1.0769999999999915        1.9683659080011731     
   15.499999999999961        1.0774999999999915        1.9885197706439084     
   15.599999999999961        1.0779999999999914        2.0088087296498331     
   15.699999999999960        1.0784999999999914        2.0292300981364053     
   15.799999999999960        1.0789999999999913        2.0497874258575086     
   15.899999999999959        1.0794999999999912        2.0704822802440694     
   15.999999999999959        1.0799999999999912        2.0913155213151553     
   16.099999999999959        1.0804999999999911        2.1122865505404520     
   16.199999999999960        1.0809999999999911        2.1333967546396013     
   16.299999999999962        1.0814999999999910        2.1546500467861578     
   16.399999999999963        1.0819999999999910        2.1760419322952189     
   16.499999999999964        1.0824999999999909        2.1975793581242691     
   16.599999999999966        1.0829999999999909        2.2192627584406028     
   16.699999999999967        1.0834999999999908        2.2410886265155843     
   16.799999999999969        1.0839999999999907        2.2630610574306922     
   16.899999999999970        1.0844999999999907        2.2851826549517016     
   16.999999999999972        1.0849999999999906        2.3074517545995326     
   17.099999999999973        1.0854999999999906        2.3298722194586134     
   17.199999999999974        1.0859999999999905        2.3524429944004455     
   17.299999999999976        1.0864999999999905        2.3751661058615703     
   17.399999999999977        1.0869999999999904        2.3980433858023202     
   17.499999999999979        1.0874999999999904        2.4210746046135165     
   17.599999999999980        1.0879999999999903        2.4442630196915403     
   17.699999999999982        1.0884999999999903        2.4676069850866389     
   17.799999999999983        1.0889999999999902        2.4911153613020351     
   17.899999999999984        1.0894999999999901        2.5147780065287453     
   17.999999999999986        1.0899999999999901        2.5386032648253920     
   18.099999999999987        1.0904999999999900        2.5625908445454137     
   18.199999999999989        1.0909999999999900        2.5867431062119599     
   18.299999999999990        1.0914999999999899        2.6110591679594690     
   18.399999999999991        1.0919999999999899        2.6355413345317604     
   18.499999999999993        1.0924999999999898        2.6601922172633463     
   18.599999999999994        1.0929999999999898        2.6850127184845785     
   18.699999999999996        1.0934999999999897        2.7100032572699946     
   18.799999999999997        1.0939999999999896        2.7351666333798876     
   18.899999999999999        1.0944999999999896        2.7605020859715657     
   19.000000000000000        1.0949999999999895        2.7860164370734051     
   19.100000000000001        1.0954999999999895        2.8117029153374800     
   19.200000000000003        1.0959999999999894        2.8375696437489033     
   19.300000000000004        1.0964999999999894        2.8636154488282415     
   19.400000000000006        1.0969999999999893        2.8898404284852344     
   19.500000000000007        1.0974999999999893        2.9162498224963125     
   19.600000000000009        1.0979999999999892        2.9428395720555316     
   19.700000000000010        1.0984999999999892        2.9696186021643092     
   19.800000000000011        1.0989999999999891        2.9965829060817399     
   19.900000000000013        1.0994999999999890        3.0237377114071919     
   20.000000000000014        1.0999999999999890        3.0510797370075400     
   20.100000000000016        1.1004999999999889        3.0786148844421186     
   20.200000000000017        1.1009999999999889        3.1063436120296002     
   20.300000000000018        1.1014999999999888        3.1342689071840457     
   20.400000000000020        1.1019999999999888        3.1623894703840176     
   20.500000000000021        1.1024999999999887        3.1907092954099125     
   20.600000000000023        1.1029999999999887        3.2192286743179026     
   20.700000000000024        1.1034999999999886        3.2479503667566600     
   20.800000000000026        1.1039999999999885        3.2768766246680840     
   20.900000000000027        1.1044999999999885        3.3060055875946746     
   21.000000000000028        1.1049999999999884        3.3353438641067235     
   21.100000000000030        1.1054999999999884        3.3648907183982355     
   21.200000000000031        1.1059999999999883        3.3946470659166561     
   21.300000000000033        1.1064999999999883        3.4246191619508219     
   21.400000000000034        1.1069999999999882        3.4548036024270949     
   21.500000000000036        1.1074999999999882        3.4852055648035951     
   21.600000000000037        1.1079999999999881        3.5158257624251417     
   21.700000000000038        1.1084999999999881        3.5466654475175186     
   21.800000000000040        1.1089999999999880        3.5777285327469852     
   21.900000000000041        1.1094999999999879        3.6090176604439361     
   22.000000000000043        1.1099999999999879        3.6405306750769295     
   22.100000000000044        1.1104999999999878        3.6722736810959593     
   22.200000000000045        1.1109999999999878        3.7042460935562276     
   22.300000000000047        1.1114999999999877        3.7364510412122112     
   22.400000000000048        1.1119999999999877        3.7688905126725807     
   22.500000000000050        1.1124999999999876        3.8015675405425240     
   22.600000000000051        1.1129999999999876        3.8344833101583182     
   22.700000000000053        1.1134999999999875        3.8676398534496057     
   22.800000000000054        1.1139999999999874        3.9010421457917821     
   22.900000000000055        1.1144999999999874        3.9346882559756855     
   23.000000000000057        1.1149999999999873        3.9685835146692199     
   23.100000000000058        1.1154999999999873        4.0027288426177972     
   23.200000000000060        1.1159999999999872        4.0371266867605780     
   23.300000000000061        1.1164999999999872        4.0717765093762628     
   23.400000000000063        1.1169999999999871        4.1066854773702275     
   23.500000000000064        1.1174999999999871        4.1418563020500585     
   23.600000000000065        1.1179999999999870        4.1772869762411737     
   23.700000000000067        1.1184999999999869        4.2129820320615341     
   23.800000000000068        1.1189999999999869        4.2489436314025504     
   23.900000000000070        1.1194999999999868        4.2851750875436156     
   24.000000000000071        1.1199999999999868        4.3216781469627588     
   24.100000000000072        1.1204999999999867        4.3584580872161318     
   24.200000000000074        1.1209999999999867        4.3955118504116539     
   24.300000000000075        1.1214999999999866        4.4328464573660833     
   24.400000000000077        1.1219999999999866        4.4704652056112701     
   24.500000000000078        1.1224999999999865        4.5083678110928336     
   24.600000000000080        1.1229999999999865        4.5465584159483843     
   24.700000000000081        1.1234999999999864        4.5850399786743754     
   24.800000000000082        1.1239999999999863        4.6238156515899940     
   24.900000000000084        1.1244999999999863        4.6628874649205025     
   25.000000000000085        1.1249999999999862        4.7022596433001276     
   25.100000000000087        1.1254999999999862        4.7419324979473725     
   25.200000000000088        1.1259999999999861        4.7819115972806294     
   25.300000000000090        1.1264999999999861        4.8221981841064139     
   25.400000000000091        1.1269999999999860        4.8627965496365935     
   25.500000000000092        1.1274999999999860        4.9037095264452057     
   25.600000000000094        1.1279999999999859        4.9449394593636287     
   25.700000000000095        1.1284999999999858        4.9864882928866416     
   25.800000000000097        1.1289999999999858        5.0283635290427631     
   25.900000000000098        1.1294999999999857        5.0705662480517262     
   26.000000000000099        1.1299999999999857        5.1130961885648176     
   26.100000000000101        1.1304999999999856        5.1559619101723255     
   26.200000000000102        1.1309999999999856        5.1991658451574558     
   26.300000000000104        1.1314999999999855        5.2427085558743016     
   26.400000000000105        1.1319999999999855        5.2865959862055858     
   26.500000000000107        1.1324999999999854        5.3308298664028877     
   26.600000000000108        1.1329999999999854        5.3754162425950351     
   26.700000000000109        1.1334999999999853        5.4203574926505045     
   26.800000000000111        1.1339999999999852        5.4656547553674324     
   26.900000000000112        1.1344999999999852        5.5113167506911607     
   27.000000000000114        1.1349999999999851        5.5573416631718366     
   27.100000000000115        1.1354999999999851        5.6037388391350023     
   27.200000000000117        1.1359999999999850        5.6505084807253851     
   27.300000000000118        1.1364999999999850        5.6976545281944526     
   27.400000000000119        1.1369999999999849        5.7451824573594585     
   27.500000000000121        1.1374999999999849        5.7930956483411133     
   27.600000000000122        1.1379999999999848        5.8413985633170711     
   27.700000000000124        1.1384999999999847        5.8900943562904002     
   27.800000000000125        1.1389999999999847        5.9391886076716736     
   27.900000000000126        1.1394999999999846        5.9886832591915065     
   28.000000000000128        1.1399999999999846        6.0385851715151473     
   28.100000000000129        1.1404999999999845        6.0888983416245246     
   28.200000000000131        1.1409999999999845        6.1396256702122969     
   28.300000000000132        1.1414999999999844        6.1907726549336335     
   28.400000000000134        1.1419999999999844        6.2423421140083830     
   28.500000000000135        1.1424999999999843        6.2943438662502471     
   28.600000000000136        1.1429999999999843        6.3467752218106419     
   28.700000000000138        1.1434999999999842        6.3996476076984719     
   28.800000000000139        1.1439999999999841        6.4529624115798283     
   28.900000000000141        1.1444999999999841        6.5067232579410721     
   29.000000000000142        1.1449999999999840        6.5609374710881987     
   29.100000000000144        1.1454999999999840        6.6156109045344040     
   29.200000000000145        1.1459999999999839        6.6707444151462161     
   29.300000000000146        1.1464999999999839        6.7263488280270085     
   29.400000000000148        1.1469999999999838        6.7824267871851127     
   29.500000000000149        1.1474999999999838        6.8389803610245323     
   29.600000000000151        1.1479999999999837        6.8960203359014320     
   29.700000000000152        1.1484999999999836        6.9535495752967167     
   29.800000000000153        1.1489999999999836        7.0115752494981383     
   29.900000000000155        1.1494999999999835        7.0701004889627246     
   30.000000000000156        1.1499999999999835        7.1291311291574377     
   30.100000000000158        1.1504999999999834        7.1886737894409727     
   30.200000000000159        1.1509999999999834        7.2487373125880348     
   30.300000000000161        1.1514999999999833        7.3093226667997753     
   30.400000000000162        1.1519999999999833        7.3704409779593512     
   30.500000000000163        1.1524999999999832        7.4320943960770398     
   30.600000000000165        1.1529999999999831        7.4942907161042864     
   30.700000000000166        1.1534999999999831        7.5570351549100208     
   30.800000000000168        1.1539999999999830        7.6203370612106651     
   30.900000000000169        1.1544999999999830        7.6842001471963002     
   31.000000000000171        1.1549999999999829        7.7486357942307231     
   31.100000000000172        1.1554999999999829        7.8136429263381739     
   31.200000000000173        1.1559999999999828        7.8792342841470981     
   31.300000000000175        1.1564999999999828        7.9454141886056160     
   31.400000000000176        1.1569999999999827        8.0121921934839886     
   31.500000000000178        1.1574999999999827        8.0795739851286488     
   31.600000000000179        1.1579999999999826        8.1475678940384704     
   31.700000000000180        1.1584999999999825        8.2161799076721600     
   31.800000000000182        1.1589999999999825        8.2854183292191692     
   31.900000000000183        1.1594999999999824        8.3552915270118522     
   32.000000000000185        1.1599999999999824        8.4258066780996757     
   32.100000000000186        1.1604999999999823        8.4969697856937660     
   32.200000000000188        1.1609999999999823        8.5687925992516938     
   32.300000000000189        1.1614999999999822        8.6412831762144613     
   32.400000000000190        1.1619999999999822        8.7144456812838271     
   32.500000000000192        1.1624999999999821        8.7882920253868733     
   32.600000000000193        1.1629999999999820        8.8628289690318027     
   32.700000000000195        1.1634999999999820        8.9380701616521545     
   32.800000000000196        1.1639999999999819        9.0140203438880899     
   32.900000000000198        1.1644999999999819        9.0906825820091903     
   33.000000000000199        1.1649999999999818        9.1680793974491621     
   33.100000000000200        1.1654999999999818        9.2462089874887692     
   33.200000000000202        1.1659999999999817        9.3250873249097044     
   33.300000000000203        1.1664999999999817        9.4047204804784634     
   33.400000000000205        1.1669999999999816        9.4851234509040019     
   33.500000000000206        1.1674999999999816        9.5663035201888391     
   33.600000000000207        1.1679999999999815        9.6482693213442374     
   33.700000000000209        1.1684999999999814        9.7310335601894860     
   33.800000000000210        1.1689999999999814        9.8146058614775811     
   33.900000000000212        1.1694999999999813        9.8989944857838399     
   34.000000000000213        1.1699999999999813        9.9842153899645556     
   34.100000000000215        1.1704999999999812        10.070275019848733     
   34.200000000000216        1.1709999999999812        10.157186849558972     
   34.300000000000217        1.1714999999999811        10.244960599716991     
   34.400000000000219        1.1719999999999811        10.333610301526267     
   34.500000000000220        1.1724999999999810        10.423146419733387     
   34.600000000000222        1.1729999999999809        10.513582361251959     
   34.700000000000223        1.1734999999999809        10.604929144818714     
   34.800000000000225        1.1739999999999808        10.697200087642393     
   34.900000000000226        1.1744999999999808        10.790408808967319     
   35.000000000000227        1.1749999999999807        10.884566593390502     
   35.100000000000229        1.1754999999999807        10.979685726578026     
   35.200000000000230        1.1759999999999806        11.075786272286962     
   35.300000000000232        1.1764999999999806        11.172874840327419     
   35.400000000000233        1.1769999999999805        11.270971400242008     
   35.500000000000234        1.1774999999999805        11.370082622400043     
   35.600000000000236        1.1779999999999804        11.470229720023365     
   35.700000000000237        1.1784999999999803        11.571426830667964     
   35.800000000000239        1.1789999999999803        11.673685689919541     
   35.900000000000240        1.1794999999999802        11.777023324657073     
   36.000000000000242        1.1799999999999802        11.881458464225076     
   36.100000000000243        1.1804999999999801        11.987003266939354     
   36.200000000000244        1.1809999999999801        12.093675755616033     
   36.300000000000246        1.1814999999999800        12.201492386303498     
   36.400000000000247        1.1819999999999800        12.310471433318400     
   36.500000000000249        1.1824999999999799        12.420627945788576     
   36.600000000000250        1.1829999999999798        12.531981564253082     
   36.700000000000252        1.1834999999999798        12.644549188262760     
   36.800000000000253        1.1839999999999797        12.758349871288280     
   36.900000000000254        1.1844999999999797        12.873402619913803     
   37.000000000000256        1.1849999999999796        12.989723505085216     
   37.100000000000257        1.1854999999999796        13.107336450866867     
   37.200000000000259        1.1859999999999795        13.226259712536748     
   37.300000000000260        1.1864999999999795        13.346513172507596     
   37.400000000000261        1.1869999999999794        13.468116225714700     
   37.500000000000263        1.1874999999999793        13.591094171877764     
   37.600000000000264        1.1879999999999793        13.715470428802201     
   37.700000000000266        1.1884999999999792        13.841259279860747     
   37.800000000000267        1.1889999999999792        13.968486211991802     
   37.900000000000269        1.1894999999999791        14.097173436499189     
   38.000000000000270        1.1899999999999791        14.227348376778705     
   38.100000000000271        1.1904999999999790        14.359032368889947     
   38.200000000000273        1.1909999999999790        14.492251195417220     
   38.300000000000274        1.1914999999999789        14.627028986574249     
   38.400000000000276        1.1919999999999789        14.763391450720345     
   38.500000000000277        1.1924999999999788        14.901364008134843     
   38.600000000000279        1.1929999999999787        15.040975617618525     
   38.700000000000280        1.1934999999999787        15.182249629305764     
   38.800000000000281        1.1939999999999786        15.325218495563101     
   38.900000000000283        1.1944999999999786        15.469908163900982     
   39.000000000000284        1.1949999999999785        15.616348680316182     
   39.100000000000286        1.1954999999999785        15.764569620929485     
   39.200000000000287        1.1959999999999784        15.914600730963949     
   39.300000000000288        1.1964999999999784        16.066475890384694     
   39.400000000000290        1.1969999999999783        16.220223556444353     
   39.500000000000291        1.1974999999999782        16.375878139617505     
   39.600000000000293        1.1979999999999782        16.533473381918640     
   39.700000000000294        1.1984999999999781        16.693043644343959     
   39.800000000000296        1.1989999999999781        16.854622603713089     
   39.900000000000297        1.1994999999999780        17.018245082196252     
