   0.0000000000000000        1.0000000000000000        0.0000000000000000     
  0.10000000000000001        1.0020000000000000        4.0375315161252770E-002
  0.20000000000000001        1.0040000000000000        8.1932938350799997E-002
  0.30000000000000004        1.0060000000000000       0.12470886975712264     
  0.40000000000000002        1.0080000000000000       0.16873836951308091     
  0.50000000000000000        1.0100000000000000       0.21405830605126019     
  0.59999999999999998        1.0120000000000000       0.26070760519849751     
  0.69999999999999996        1.0140000000000000       0.30872768938769907     
  0.79999999999999993        1.0160000000000000       0.35815417039982606     
  0.89999999999999991        1.0180000000000000       0.40903293193704443     
  0.99999999999999989        1.0200000000000000       0.46140964305830090     
   1.0999999999999999        1.0220000000000000       0.51533014232598184     
   1.2000000000000000        1.0240000000000000       0.57084037905383855     
   1.3000000000000000        1.0260000000000000       0.62799311566602189     
   1.4000000000000001        1.0280000000000000       0.68683810612792207     
   1.5000000000000002        1.0300000000000000       0.74743126992621567     
   1.6000000000000003        1.0320000000000000       0.80982753648460837     
   1.7000000000000004        1.0340000000000000       0.87408551573395976     
   1.8000000000000005        1.0360000000000000       0.94026754217694963     
   1.9000000000000006        1.0380000000000000        1.0084358779781126     
   2.0000000000000004        1.0400000000000000        1.0786612648288172     
   2.1000000000000005        1.0420000000000000        1.1510071357432128     
   2.2000000000000006        1.0440000000000000        1.2255506636429947     
   2.3000000000000007        1.0460000000000000        1.3023647259959259     
   2.4000000000000008        1.0480000000000000        1.3815308726767570     
   2.5000000000000009        1.0500000000000000        1.4631312580181539     
   2.6000000000000010        1.0520000000000000        1.5472542552755455     
   2.7000000000000011        1.0540000000000000        1.6339886588533687     
   2.8000000000000012        1.0560000000000000        1.7234274406946630     
   2.9000000000000012        1.0580000000000001        1.8156714273623369     
   3.0000000000000013        1.0600000000000001        1.9108263017189007     
   3.1000000000000014        1.0620000000000001        2.0089970118088729     
   3.2000000000000015        1.0640000000000001        2.1103018913291578     
   3.3000000000000016        1.0660000000000001        2.2148591933872819     
   3.4000000000000017        1.0680000000000001        2.3227994000946959     
   3.5000000000000018        1.0700000000000001        2.4342513763951725     
   3.6000000000000019        1.0720000000000001        2.5493524867635404     
   3.7000000000000020        1.0740000000000001        2.6682570086865822     
   3.8000000000000020        1.0760000000000001        2.7911095852237890     
   3.9000000000000021        1.0780000000000001        2.9180783465303239     
   4.0000000000000018        1.0800000000000001        3.0493329577179900     
   4.1000000000000014        1.0820000000000001        3.1850537363370703     
   4.2000000000000011        1.0840000000000001        3.3254346650200475     
   4.3000000000000007        1.0860000000000001        3.4706740558130282     
   4.4000000000000004        1.0880000000000001        3.6209853611439065     
   4.5000000000000000        1.0900000000000001        3.7765957229447413     
   4.5999999999999996        1.0920000000000001        3.9377450039830841     
   4.6999999999999993        1.0940000000000001        4.1046793013058780     
   4.7999999999999989        1.0960000000000001        4.2776738620086077     
   4.8999999999999986        1.0980000000000001        4.4570094979585058     
   4.9999999999999982        1.1000000000000001        4.6429932759264094     
   5.0999999999999979        1.1020000000000001        4.8359413794555870     
   5.1999999999999975        1.1040000000000001        5.0361982048725640     
   5.2999999999999972        1.1060000000000001        5.2441250979805591     
   5.3999999999999968        1.1080000000000001        5.4601154867202162     
   5.4999999999999964        1.1100000000000001        5.6845815046382357     
   5.5999999999999961        1.1120000000000001        5.9179648405493754     
   5.6999999999999957        1.1140000000000001        6.1607440995032441     
   5.7999999999999954        1.1160000000000001        6.4134276500398197     
   5.8999999999999950        1.1180000000000001        6.6765544187287471     
   5.9999999999999947        1.1200000000000001        6.9507104837454428     
   6.0999999999999943        1.1220000000000001        7.2365183177210088     
   6.1999999999999940        1.1240000000000001        7.5346554327773090     
   6.2999999999999936        1.1260000000000001        7.8458491929977772     
   6.3999999999999932        1.1280000000000001        8.1708833757184305     
   6.4999999999999929        1.1300000000000001        8.5106027536076159     
   6.5999999999999925        1.1320000000000001        8.8659270676301709     
   6.6999999999999922        1.1340000000000001        9.2378445762566042     
   6.7999999999999918        1.1360000000000001        9.6274363760926889     
   6.8999999999999915        1.1380000000000001        10.035873485390757     
   6.9999999999999911        1.1400000000000001        10.464431561424155     
   7.0999999999999908        1.1420000000000001        10.914497383524747     
   7.1999999999999904        1.1440000000000001        11.387599839358742     
   7.2999999999999901        1.1460000000000001        11.885399963828430     
   7.3999999999999897        1.1480000000000001        12.409725804362338     
   7.4999999999999893        1.1500000000000001        12.962584567610682     
   7.5999999999999890        1.1520000000000001        13.546197255895473     
   7.6999999999999886        1.1540000000000001        14.163009493799802     
   7.7999999999999883        1.1560000000000001        14.815729521908866     
   7.8999999999999879        1.1580000000000001        15.507370057838921     
   7.9999999999999876        1.1600000000000001        16.241278754746453     
   8.0999999999999872        1.1620000000000001        17.021204292528211     
   8.1999999999999869        1.1640000000000001        17.851335374722606     
   8.2999999999999865        1.1660000000000001        18.736383515069555     
   8.3999999999999861        1.1680000000000001        19.681670541425756     
   8.4999999999999858        1.1700000000000002        20.693212360223384     
   8.5999999999999854        1.1720000000000002        21.777828497736117     
   8.6999999999999851        1.1740000000000002        22.943309788016435     
   8.7999999999999847        1.1760000000000002        24.198584254360970     
   8.8999999999999844        1.1780000000000002        25.553930076220446     
   8.9999999999999840        1.1800000000000002        27.021234277548672     
   9.0999999999999837        1.1820000000000002        28.614330227553950     
   9.1999999999999833        1.1840000000000002        30.349401037986258     
   9.2999999999999829        1.1860000000000002        32.245499366774787     
   9.3999999999999826        1.1880000000000002        34.325215320136195     
   9.4999999999999822        1.1900000000000002        36.615520196486983     
   9.5999999999999819        1.1920000000000002        39.148893195842625     
   9.6999999999999815        1.1940000000000002        41.964778383111600     
   9.7999999999999812        1.1960000000000002        45.111560765020144     
   9.8999999999999808        1.1980000000000002        48.649222692215879     
