   0.0000000000000000        1.0000000000000000        0.0000000000000000     
  0.10000000000000001        1.0020000000000000        1.3104017578127101E-002
  0.20000000000000001        1.0040000000000000        2.6439115802721493E-002
  0.30000000000000004        1.0060000000000000        4.0007612768349549E-002
  0.40000000000000002        1.0080000000000000        5.3814264502029113E-002
  0.50000000000000000        1.0100000000000000        6.7860927710475083E-002
  0.59999999999999998        1.0120000000000000        8.2151533500445170E-002
  0.69999999999999996        1.0140000000000000        9.6687923839100631E-002
  0.79999999999999993        1.0160000000000000       0.11147450336572132     
  0.89999999999999991        1.0180000000000000       0.12651396067484241     
  0.99999999999999989        1.0200000000000000       0.14180937894448434     
   1.0999999999999999        1.0220000000000000       0.15736475127001240     
   1.2000000000000000        1.0240000000000000       0.17318172083718786     
   1.3000000000000000        1.0260000000000000       0.18926563249999478     
   1.4000000000000001        1.0280000000000000       0.20561737583833123     
   1.5000000000000002        1.0300000000000000       0.22224466793799630     
   1.6000000000000003        1.0320000000000000       0.23914657411603049     
   1.7000000000000004        1.0340000000000000       0.25632897239649055     
   1.8000000000000005        1.0360000000000000       0.27379505229364820     
   1.9000000000000006        1.0380000000000000       0.29154689829273839     
   2.0000000000000004        1.0400000000000000       0.30959273744763932     
   2.1000000000000005        1.0420000000000000       0.32793190874125089     
   2.2000000000000006        1.0440000000000000       0.34656850033977982     
   2.3000000000000007        1.0460000000000000       0.36550978540348900     
   2.4000000000000008        1.0480000000000000       0.38475832100395962     
   2.5000000000000009        1.0500000000000000       0.40431539123342075     
   2.6000000000000010        1.0520000000000000       0.42419041596665974     
   2.7000000000000011        1.0540000000000000       0.44438306043905929     
   2.8000000000000012        1.0560000000000000       0.46489825765734671     
   2.9000000000000012        1.0580000000000001       0.48574302372270561     
   3.0000000000000013        1.0600000000000001       0.50691920989415484     
   3.1000000000000014        1.0620000000000001       0.52843352087236628     
   3.2000000000000015        1.0640000000000001       0.55028602810624627     
   3.3000000000000016        1.0660000000000001       0.57248545355271485     
   3.4000000000000017        1.0680000000000001       0.59503531265995235     
   3.5000000000000018        1.0700000000000001       0.61794250152378416     
   3.6000000000000019        1.0720000000000001       0.64120878195853559     
   3.7000000000000020        1.0740000000000001       0.66484048079490943     
   3.8000000000000020        1.0760000000000001       0.68884080939470826     
   3.9000000000000021        1.0780000000000001       0.71321706071923208     
   4.0000000000000018        1.0800000000000001       0.73797385498777102     
   4.1000000000000014        1.0820000000000001       0.76311509978479564     
   4.2000000000000011        1.0840000000000001       0.78864672929075463     
   4.3000000000000007        1.0860000000000001       0.81457563869314331     
   4.4000000000000004        1.0880000000000001       0.84090589022744611     
   4.5000000000000000        1.0900000000000001       0.86764313503420598     
   4.5999999999999996        1.0920000000000001       0.89479222411314441     
   4.6999999999999993        1.0940000000000001       0.92236083457844065     
   4.7999999999999989        1.0960000000000001       0.95035441177043478     
   4.8999999999999986        1.0980000000000001       0.97877764667847089     
   4.9999999999999982        1.1000000000000001        1.0076378005771527     
   5.0999999999999979        1.1020000000000001        1.0369399246859992     
   5.1999999999999975        1.1040000000000001        1.0666929211436229     
   5.2999999999999972        1.1060000000000001        1.0969012225727983     
   5.3999999999999968        1.1080000000000001        1.1275657798571996     
   5.4999999999999964        1.1100000000000001        1.1587056747985176     
   5.5999999999999961        1.1120000000000001        1.1903193178669209     
   5.6999999999999957        1.1140000000000001        1.2224139346474932     
   5.7999999999999954        1.1160000000000001        1.2550015390208360     
   5.8999999999999950        1.1180000000000001        1.2880858204113022     
   5.9999999999999947        1.1200000000000001        1.3216716026734732     
   6.0999999999999943        1.1220000000000001        1.3557685935603692     
   6.1999999999999940        1.1240000000000001        1.3903843867507613     
   6.2999999999999936        1.1260000000000001        1.4255273809267841     
   6.3999999999999932        1.1280000000000001        1.4612036785220117     
   6.4999999999999929        1.1300000000000001        1.4974231911077913     
   6.5999999999999925        1.1320000000000001        1.5341916818979959     
   6.6999999999999922        1.1340000000000001        1.5715174876629396     
   6.7999999999999918        1.1360000000000001        1.6094096686504493     
   6.8999999999999915        1.1380000000000001        1.6478791020305770     
   6.9999999999999911        1.1400000000000001        1.6869297682614601     
   7.0999999999999908        1.1420000000000001        1.7265755937104523     
   7.1999999999999904        1.1440000000000001        1.7668207716648074     
   7.2999999999999901        1.1460000000000001        1.8076791081164498     
   7.3999999999999897        1.1480000000000001        1.8491569838694968     
   7.4999999999999893        1.1500000000000001        1.8912637529406873     
   7.5999999999999890        1.1520000000000001        1.9340107803155631     
   7.6999999999999886        1.1540000000000001        1.9774086044643457     
   7.7999999999999883        1.1560000000000001        2.0214631013729369     
   7.8999999999999879        1.1580000000000001        2.0661904031495064     
   7.9999999999999876        1.1600000000000001        2.1115971615178109     
   8.0999999999999872        1.1620000000000001        2.1576947103704303     
   8.1999999999999869        1.1640000000000001        2.2044955617950048     
   8.2999999999999865        1.1660000000000001        2.2520099521216470     
   8.3999999999999861        1.1680000000000001        2.3002513159360607     
   8.4999999999999858        1.1700000000000002        2.3492334024768224     
   8.5999999999999854        1.1720000000000002        2.3989650301335246     
   8.6999999999999851        1.1740000000000002        2.4494567481259670     
   8.7999999999999847        1.1760000000000002        2.5007218292296631     
   8.8999999999999844        1.1780000000000002        2.5527720798760418     
   8.9999999999999840        1.1800000000000002        2.6056232536607666     
   9.0999999999999837        1.1820000000000002        2.6592862918918163     
   9.1999999999999833        1.1840000000000002        2.7137721612004135     
   9.2999999999999829        1.1860000000000002        2.7690997658963687     
   9.3999999999999826        1.1880000000000002        2.8252794442835705     
   9.4999999999999822        1.1900000000000002        2.8823292142979038     
   9.5999999999999819        1.1920000000000002        2.9402598327753937     
   9.6999999999999815        1.1940000000000002        2.9990886599254400     
   9.7999999999999812        1.1960000000000002        3.0588243701206324     
   9.8999999999999808        1.1980000000000002        3.1194917849259758     
