   0.0000000000000000        1.0000000000000000        0.0000000000000000     
  0.10000000000000001        1.0020000000000000        4.2936707022885510E-002
  0.20000000000000001        1.0040000000000000        8.7203732666021508E-002
  0.30000000000000004        1.0060000000000000       0.13284249741533008     
  0.40000000000000002        1.0080000000000000       0.17989756570021606     
  0.50000000000000000        1.0100000000000000       0.22841441438162297     
  0.59999999999999998        1.0120000000000000       0.27844021192377072     
  0.69999999999999996        1.0140000000000000       0.33001980399458486     
  0.79999999999999993        1.0160000000000000       0.38320903411033130     
  0.89999999999999991        1.0180000000000000       0.43806278096943480     
  0.99999999999999989        1.0200000000000000       0.49462892907431499     
   1.0999999999999999        1.0220000000000000       0.55296910672339972     
   1.2000000000000000        1.0240000000000000       0.61314600982462386     
   1.3000000000000000        1.0260000000000000       0.67521956168978059     
   1.4000000000000001        1.0280000000000000       0.73925677709147430     
   1.5000000000000002        1.0300000000000000       0.80532370968413969     
   1.6000000000000003        1.0320000000000000       0.87349590393770848     
   1.7000000000000004        1.0340000000000000       0.94384816923989800     
   1.8000000000000005        1.0360000000000000        1.0164563981858366     
   1.9000000000000006        1.0380000000000000        1.0914037341098792     
   2.0000000000000004        1.0400000000000000        1.1687781256649399     
   2.1000000000000005        1.0420000000000000        1.2486686852293118     
   2.2000000000000006        1.0440000000000000        1.3311702931379921     
   2.3000000000000007        1.0460000000000000        1.4163815045791548     
   2.4000000000000008        1.0480000000000000        1.5044099478823654     
   2.5000000000000009        1.0500000000000000        1.5953652920639350     
   2.6000000000000010        1.0520000000000000        1.6893582350877703     
   2.7000000000000011        1.0540000000000000        1.7865163506182093     
   2.8000000000000012        1.0560000000000000        1.8869607329594826     
   2.9000000000000012        1.0580000000000001        1.9908294080886650     
   3.0000000000000013        1.0600000000000001        2.0982620402097134     
   3.1000000000000014        1.0620000000000001        2.2094070424342100     
   3.2000000000000015        1.0640000000000001        2.3244246283770225     
   3.3000000000000016        1.0660000000000001        2.4434770759358639     
   3.4000000000000017        1.0680000000000001        2.5667497269829749     
   3.5000000000000018        1.0700000000000001        2.6944160206839975     
   3.6000000000000019        1.0720000000000001        2.8266788879712923     
   3.7000000000000020        1.0740000000000001        2.9637439036898376     
   3.8000000000000020        1.0760000000000001        3.1058294029960987     
   3.9000000000000021        1.0780000000000001        3.2531723767285849     
   4.0000000000000018        1.0800000000000001        3.4060178970571759     
   4.1000000000000014        1.0820000000000001        3.5646296293620749     
   4.2000000000000011        1.0840000000000001        3.7292878607178999     
   4.3000000000000007        1.0860000000000001        3.9002894033136806     
   4.4000000000000004        1.0880000000000001        4.0779528070174216     
   4.5000000000000000        1.0900000000000001        4.2626159527482219     
   4.5999999999999996        1.0920000000000001        4.4546392623897191     
   4.6999999999999993        1.0940000000000001        4.6544093185074384     
   4.7999999999999989        1.0960000000000001        4.8623389593910735     
   4.8999999999999986        1.0980000000000001        5.0788677890775951     
   4.9999999999999982        1.1000000000000001        5.3044727976796038     
   5.0999999999999979        1.1020000000000001        5.5396610618639484     
   5.1999999999999975        1.1040000000000001        5.7849783159116033     
   5.2999999999999972        1.1060000000000001        6.0410126221805065     
   5.3999999999999968        1.1080000000000001        6.3084007632555519     
   5.4999999999999964        1.1100000000000001        6.5878196635489843     
   5.5999999999999961        1.1120000000000001        6.8800141632241161     
   5.6999999999999957        1.1140000000000001        7.1857855505391530     
   5.7999999999999954        1.1160000000000001        7.5059970579676243     
   5.8999999999999950        1.1180000000000001        7.8415874095701685     
   5.9999999999999947        1.1200000000000001        8.1935786306063321     
   6.0999999999999943        1.1220000000000001        8.5630829239495245     
   6.1999999999999940        1.1240000000000001        8.9513137166164611     
   6.2999999999999936        1.1260000000000001        9.3596030200386924     
   6.3999999999999932        1.1280000000000001        9.7894004171441669     
   6.4999999999999929        1.1300000000000001        10.242302114984840     
   6.5999999999999925        1.1320000000000001        10.720059885849118     
   6.6999999999999922        1.1340000000000001        11.224617611878923     
   6.7999999999999918        1.1360000000000001        11.758106304034799     
   6.8999999999999915        1.1380000000000001        12.322896464389874     
   6.9999999999999911        1.1400000000000001        12.921614151987850     
   7.0999999999999908        1.1420000000000001        13.557193164427101     
   7.1999999999999904        1.1440000000000001        14.232902742822489     
   7.2999999999999901        1.1460000000000001        14.952408671453011     
   7.3999999999999897        1.1480000000000001        15.719831260186906     
   7.4999999999999893        1.1500000000000001        16.539814130822329     
   7.5999999999999890        1.1520000000000001        17.417621742243146     
   7.6999999999999886        1.1540000000000001        18.359226276320435     
   7.7999999999999883        1.1560000000000001        19.371447426851404     
   7.8999999999999879        1.1580000000000001        20.462103980018263     
   7.9999999999999876        1.1600000000000001        21.640187879054174     
   8.0999999999999872        1.1620000000000001        22.916117702002115     
   8.1999999999999869        1.1640000000000001        24.302013338309695     
   8.2999999999999865        1.1660000000000001        25.812054298104751     
   8.3999999999999861        1.1680000000000001        27.462954589357214     
   8.4999999999999858        1.1700000000000002        29.274532387249270     
   8.5999999999999854        1.1720000000000002        31.270438238615530     
   8.6999999999999851        1.1740000000000002        33.479178761197510     
   8.7999999999999847        1.1760000000000002        35.935400057283765     
   8.8999999999999844        1.1780000000000002        38.681611402186533     
   8.9999999999999840        1.1800000000000002        41.770549113539445     
   9.0999999999999837        1.1820000000000002        45.268421838350498     
   9.1999999999999833        1.1840000000000002        49.259481983344841     
   9.2999999999999829        1.1860000000000002        53.852549553786226     
   9.3999999999999826        1.1880000000000002        59.190599759847295     
   9.4999999999999822        1.1900000000000002        65.465154017729006     
   9.5999999999999819        1.1920000000000002        72.938513827157067     
   9.6999999999999815        1.1940000000000002        81.979294674397224     
   9.7999999999999812        1.1960000000000002        93.121337076535326     
   9.8999999999999808        1.1980000000000002        107.16583367467351     
