   0.0000000000000000        1.0000000000000000        0.0000000000000000     
  0.10000000000000001        1.0020000000000000        2.2127531609211517E-002
  0.20000000000000001        1.0040000000000000        4.4735145766759875E-002
  0.30000000000000004        1.0060000000000000        6.7834165192780238E-002
  0.40000000000000002        1.0080000000000000        9.1432011045626482E-002
  0.50000000000000000        1.0100000000000000       0.11553822166481278     
  0.59999999999999998        1.0120000000000000       0.14016371939256228     
  0.69999999999999996        1.0140000000000000       0.16531657271677741     
  0.79999999999999993        1.0160000000000000       0.19100700758594255     
  0.89999999999999991        1.0180000000000000       0.21724570567713480     
  0.99999999999999989        1.0200000000000000       0.24404249173061435     
   1.0999999999999999        1.0220000000000000       0.27140687883484432     
   1.2000000000000000        1.0240000000000000       0.29935277284357997     
   1.3000000000000000        1.0260000000000000       0.32788804936818589     
   1.4000000000000001        1.0280000000000000       0.35702462055318662     
   1.5000000000000002        1.0300000000000000       0.38677480176598839     
   1.6000000000000003        1.0320000000000000       0.41714879811509914     
   1.7000000000000004        1.0340000000000000       0.44816269007013848     
   1.8000000000000005        1.0360000000000000       0.47982460386592463     
   1.9000000000000006        1.0380000000000000       0.51214812751853844     
   2.0000000000000004        1.0400000000000000       0.54514762095525759     
   2.1000000000000005        1.0420000000000000       0.57883640126141811     
   2.2000000000000006        1.0440000000000000       0.61322733465604196     
   2.3000000000000007        1.0460000000000000       0.64833451109385987     
   2.4000000000000008        1.0480000000000000       0.68417308791093634     
   2.5000000000000009        1.0500000000000000       0.72075667599622284     
   2.6000000000000010        1.0520000000000000       0.75810360058190174     
   2.7000000000000011        1.0540000000000000       0.79622746386516341     
   2.8000000000000012        1.0560000000000000       0.83514247067175285     
   2.9000000000000012        1.0580000000000001       0.87486747450890623     
   3.0000000000000013        1.0600000000000001       0.91541872650393530     
   3.1000000000000014        1.0620000000000001       0.95681057021758320     
   3.2000000000000015        1.0640000000000001       0.99906435601376331     
   3.3000000000000016        1.0660000000000001        1.0421959508049299     
   3.4000000000000017        1.0680000000000001        1.0862255872711262     
   3.5000000000000018        1.0700000000000001        1.1311760778510378     
   3.6000000000000019        1.0720000000000001        1.1770570953396937     
   3.7000000000000020        1.0740000000000001        1.2238986900373443     
   3.8000000000000020        1.0760000000000001        1.2717148954673783     
   3.9000000000000021        1.0780000000000001        1.3205320727661434     
   4.0000000000000018        1.0800000000000001        1.3703663513436277     
   4.1000000000000014        1.0820000000000001        1.4212444464821514     
   4.2000000000000011        1.0840000000000001        1.4731881500442734     
   4.3000000000000007        1.0860000000000001        1.5262210482134222     
   4.4000000000000004        1.0880000000000001        1.5803692203939219     
   4.5000000000000000        1.0900000000000001        1.6356530847175990     
   4.5999999999999996        1.0920000000000001        1.6921039500417776     
   4.6999999999999993        1.0940000000000001        1.7497462863091433     
   4.7999999999999989        1.0960000000000001        1.8086066204599742     
   4.8999999999999986        1.0980000000000001        1.8687143905040882     
   4.9999999999999982        1.1000000000000001        1.9300970624967637     
   5.0999999999999979        1.1020000000000001        1.9927860615566018     
   5.1999999999999975        1.1040000000000001        2.0568125997643563     
   5.2999999999999972        1.1060000000000001        2.1222069650292301     
   5.3999999999999968        1.1080000000000001        2.1890017181624706     
   5.4999999999999964        1.1100000000000001        2.2572303238384355     
   5.5999999999999961        1.1120000000000001        2.3269313095449977     
   5.6999999999999957        1.1140000000000001        2.3981369202451450     
   5.7999999999999954        1.1160000000000001        2.4708870933240563     
   5.8999999999999950        1.1180000000000001        2.5452197197810547     
   5.9999999999999947        1.1200000000000001        2.6211709564289034     
   6.0999999999999943        1.1220000000000001        2.6987824627635417     
   6.1999999999999940        1.1240000000000001        2.7780970981834807     
   6.2999999999999936        1.1260000000000001        2.8591582550958070     
   6.3999999999999932        1.1280000000000001        2.9420112598503909     
   6.4999999999999929        1.1300000000000001        3.0266996390735770     
   6.5999999999999925        1.1320000000000001        3.1132703013388388     
   6.6999999999999922        1.1340000000000001        3.2017813377247286     
   6.7999999999999918        1.1360000000000001        3.2922743348142429     
   6.8999999999999915        1.1380000000000001        3.3848038436215764     
   6.9999999999999911        1.1400000000000001        3.4794283100956922     
   7.0999999999999908        1.1420000000000001        3.5762019794054511     
   7.1999999999999904        1.1440000000000001        3.6751848304934209     
   7.2999999999999901        1.1460000000000001        3.7764347988052887     
   7.3999999999999897        1.1480000000000001        3.8800166702686645     
   7.4999999999999893        1.1500000000000001        3.9859945132792380     
   7.5999999999999890        1.1520000000000001        4.0944389475734626     
   7.6999999999999886        1.1540000000000001        4.2054166004055622     
   7.7999999999999883        1.1560000000000001        4.3190010521629079     
   7.8999999999999879        1.1580000000000001        4.4352700780638488     
   7.9999999999999876        1.1600000000000001        4.5542971148654718     
   8.0999999999999872        1.1620000000000001        4.6761654224563944     
   8.1999999999999869        1.1640000000000001        4.8009598660754307     
   8.2999999999999865        1.1660000000000001        4.9287699397141269     
   8.3999999999999861        1.1680000000000001        5.0596893283784725     
   8.4999999999999858        1.1700000000000002        5.1938128759808979     
   8.5999999999999854        1.1720000000000002        5.3312378790472899     
   8.6999999999999851        1.1740000000000002        5.4720642010377878     
   8.7999999999999847        1.1760000000000002        5.6163949397756072     
   8.8999999999999844        1.1780000000000002        5.7643473564455130     
   8.9999999999999840        1.1800000000000002        5.9160315771990959     
   9.0999999999999837        1.1820000000000002        6.0715716031076079     
   9.1999999999999833        1.1840000000000002        6.2310937554651078     
   9.2999999999999829        1.1860000000000002        6.3947260995843687     
   9.3999999999999826        1.1880000000000002        6.5626070145036266     
   9.4999999999999822        1.1900000000000002        6.7348796119678536     
   9.5999999999999819        1.1920000000000002        6.9116905023888657     
   9.6999999999999815        1.1940000000000002        7.0931987942711014     
   9.7999999999999812        1.1960000000000002        7.2795655232401941     
   9.8999999999999808        1.1980000000000002        7.4709576704081684     
