   0.0000000000000000        0.0000000000000000        0.0000000000000000     
  0.10000000000000001        3.5353535353535351E-003   6.6378489996536741E-003
  0.20000000000000001        7.0707070707070703E-003   1.3625511603322064E-002
  0.30000000000000004        1.0606060606060605E-002   2.0979218332501805E-002
  0.40000000000000002        1.4141414141414141E-002   2.8709591016600006E-002
  0.50000000000000000        1.7676767676767676E-002   3.6835791239233626E-002
  0.59999999999999998        2.1212121212121210E-002   4.5371834716248699E-002
  0.69999999999999996        2.4747474747474744E-002   5.4334194117548744E-002
  0.79999999999999993        2.8282828282828278E-002   6.3740588157057770E-002
  0.89999999999999991        3.1818181818181815E-002   7.3609788377089133E-002
  0.99999999999999989        3.5353535353535352E-002   8.3958269265384328E-002
   1.0999999999999999        3.8888888888888890E-002   9.4808308229357735E-002
   1.2000000000000000        4.2424242424242427E-002  0.10617821066857334     
   1.3000000000000000        4.5959595959595964E-002  0.11809075882107309     
   1.4000000000000001        4.9494949494949501E-002  0.13056833031491177     
   1.5000000000000002        5.3030303030303039E-002  0.14363377360668614     
   1.6000000000000003        5.6565656565656576E-002  0.15731317018077520     
   1.7000000000000004        6.0101010101010113E-002  0.17162945435350963     
   1.8000000000000005        6.3636363636363644E-002  0.18661111221286497     
   1.9000000000000006        6.7171717171717174E-002  0.20228840082028432     
   2.0000000000000004        7.0707070707070704E-002  0.21868690711047095     
   2.1000000000000005        7.4242424242424235E-002  0.23584177735414796     
   2.2000000000000006        7.7777777777777765E-002  0.25378373248982095     
   2.3000000000000007        8.1313131313131295E-002  0.27254684227004700     
   2.4000000000000008        8.4848484848484826E-002  0.29216714718061609     
   2.5000000000000009        8.8383838383838356E-002  0.31268507517910699     
   2.6000000000000010        9.1919191919191887E-002  0.33413758017883316     
   2.7000000000000011        9.5454545454545417E-002  0.35656902462930462     
   2.8000000000000012        9.8989898989898947E-002  0.38002343204577405     
   2.9000000000000012       0.10252525252525248       0.40454890877338728     
   3.0000000000000013       0.10606060606060601       0.43019333939664672     
   3.1000000000000014       0.10959595959595954       0.45700981543511876     
   3.2000000000000015       0.11313131313131307       0.48505387703776143     
   3.3000000000000016       0.11666666666666660       0.51417446459783955     
   3.4000000000000017       0.12020202020202013       0.54460260701674934     
   3.5000000000000018       0.12373737373737366       0.57643281481494002     
   3.6000000000000019       0.12727272727272720       0.60973201716381986     
   3.7000000000000020       0.13080808080808073       0.64457564955121283     
   3.8000000000000020       0.13434343434343426       0.68104212600996428     
   3.9000000000000021       0.13787878787878780       0.71921646717684817     
   4.0000000000000018       0.14141414141414133       0.75918663791254992     
   4.1000000000000014       0.14494949494949486       0.80104854677680615     
   4.2000000000000011       0.14848484848484839       0.84490395202571000     
   4.3000000000000007       0.15202020202020192       0.89086170201090376     
   4.4000000000000004       0.15555555555555545       0.93903765774826709     
   4.5000000000000000       0.15909090909090898       0.98955442878561195     
   4.5999999999999996       0.16262626262626251        1.0425459443278242     
   4.6999999999999993       0.16616161616161604        1.0981558224181955     
   4.7999999999999989       0.16969696969696957        1.1565352281395453     
   4.8999999999999986       0.17323232323232310        1.2178502839322971     
   4.9999999999999982       0.17676767676767663        1.2822782209943202     
   5.0999999999999979       0.18030303030303016        1.3500090754860992     
   5.1999999999999975       0.18383838383838369        1.4212495659638531     
   5.2999999999999972       0.18737373737373722        1.4962215319734187     
   5.3999999999999968       0.19090909090909075        1.5751679135657586     
   5.4999999999999964       0.19444444444444428        1.6583480548580902     
   5.5999999999999961       0.19797979797979781        1.7459701822990719     
   5.6999999999999957       0.20151515151515134        1.8384114416928612     
   5.7999999999999954       0.20505050505050487        1.9360127831492280     
   5.8999999999999950       0.20858585858585840        2.0391410631236884     
   5.9999999999999947       0.21212121212121193        2.1481990628760772     
   6.0999999999999943       0.21565656565656546        2.2636253699429991     
   6.1999999999999940       0.21919191919191899        2.3859038497676819     
   6.2999999999999936       0.22272727272727252        2.5155630683017574     
   6.3999999999999932       0.22626262626262605        2.6531916283012613     
   6.4999999999999929       0.22979797979797958        2.7994347525519210     
   6.5999999999999925       0.23333333333333311        2.9548562501143998     
   6.6999999999999922       0.23686868686868665        3.1201248246563180     
   6.7999999999999918       0.24040404040404018        3.2963945727026402     
   6.8999999999999915       0.24393939393939371        3.4846534163910268     
   6.9999999999999911       0.24747474747474724        3.6860136360956317     
   7.0999999999999908       0.25101010101010079        3.9017200842606377     
   7.1999999999999904       0.25454545454545435        4.1331789319697094     
   7.2999999999999901       0.25808080808080791        4.3819811469071102     
   7.3999999999999897       0.26161616161616147        4.6499330696662193     
   7.4999999999999893       0.26515151515151503        4.9390957942073168     
   7.5999999999999890       0.26868686868686859        5.2518302468683817     
   7.6999999999999886       0.27222222222222214        5.5908511683583493     
   7.7999999999999883       0.27575757575757570        5.9593019426150349     
   7.8999999999999879       0.27929292929292926        6.3608329489546094     
   7.9999999999999876       0.28282828282828282        6.7997138604538510     
   8.0999999999999872       0.28636363636363638        7.2809354826416124     
   8.1999999999999869       0.28989898989898993        7.8104067959353483     
   8.2999999999999865       0.29343434343434349        8.3952931427768966     
   8.3999999999999861       0.29696969696969705        9.0441261340328118     
   8.4999999999999858       0.30050505050505061        9.7672565229243808     
   8.5999999999999854       0.30404040404040417        10.577354681570519     
   8.6999999999999851       0.30757575757575772        11.490096682717500     
   8.7999999999999847       0.31111111111111128        12.525110541142659     
   8.8999999999999844       0.31464646464646484        13.707287730168980     
   8.9999999999999840       0.31818181818181840        15.068668003927979     
   9.0999999999999837       0.32171717171717196        16.651173056354892     
   9.1999999999999833       0.32525252525252552        18.510713684957896     
   9.2999999999999829       0.32878787878787907        20.723491708036633     
   9.3999999999999826       0.33232323232323263        23.396037965883316     
   9.4999999999999822       0.33585858585858619        26.681798253351690     
   9.5999999999999819       0.33939393939393975        30.809749456585216     
   9.6999999999999815       0.34292929292929331        36.136966821824046     
   9.7999999999999812       0.34646464646464686        43.250799510419426     
   9.8999999999999808       0.35000000000000042        53.185714246997705     
